#
# There is insufficient memory for the Java Runtime Environment to continue.
# Native memory allocation (malloc) failed to allocate 32784 bytes for Chunk::new
# Possible reasons:
#   The system is out of physical RAM or swap space
#   The process is running with CompressedOops enabled, and the Java Heap may be blocking the growth of the native heap
# Possible solutions:
#   Reduce memory load on the system
#   Increase physical memory or swap space
#   Check if swap backing store is full
#   Decrease Java heap size (-Xmx/-Xms)
#   Decrease number of Java threads
#   Decrease Java thread stack sizes (-Xss)
#   Set larger code cache with -XX:ReservedCodeCacheSize=
#   JVM is running with Zero Based Compressed Oops mode in which the Java heap is
#     placed in the first 32GB address space. The Java Heap base address is the
#     maximum limit for the native heap growth. Please use -XX:HeapBaseMinAddress
#     to set the Java Heap base and to place the Java Heap above 32GB virtual address.
# This output file may be truncated or incomplete.
#
#  Out of Memory Error (arena.cpp:189), pid=6264, tid=9848
#
# JRE version: Java(TM) SE Runtime Environment (17.0.6+9) (build 17.0.6+9-LTS-190)
# Java VM: Java HotSpot(TM) 64-Bit Server VM (17.0.6+9-LTS-190, mixed mode, sharing, tiered, compressed oops, compressed class ptrs, g1 gc, windows-amd64)
# No core dump will be written. Minidumps are not enabled by default on client versions of Windows
#

---------------  S U M M A R Y ------------

Command Line: -Dfile.encoding=UTF-8 -XX:+ShowCodeDetailsInExceptionMessages firstmaven.ReadingExcelFile.DataDriven

Host: 11th Gen Intel(R) Core(TM) i7-1165G7 @ 2.80GHz, 8 cores, 23G,  Windows 10 , 64 bit Build 19041 (10.0.19041.2788)
Time: Tue Apr 25 11:31:07 2023 Eastern Daylight Time elapsed time: 1.058737 seconds (0d 0h 0m 1s)

---------------  T H R E A D  ---------------

Current thread (0x000002c1fae9f540):  JavaThread "C2 CompilerThread1" daemon [_thread_in_native, id=9848, stack(0x000000dd17b00000,0x000000dd17c00000)]


Current CompileTask:
C2:   1058 1313       4       jdk.internal.loader.URLClassPath::getResource (74 bytes)

Stack: [0x000000dd17b00000,0x000000dd17c00000]
Native frames: (J=compiled Java code, j=interpreted, Vv=VM code, C=native code)
V  [jvm.dll+0x6734ea]
V  [jvm.dll+0x7d18f4]
V  [jvm.dll+0x7d309e]
V  [jvm.dll+0x7d3703]
V  [jvm.dll+0x2433c5]
V  [jvm.dll+0xaa46b]
V  [jvm.dll+0xaaa0c]
V  [jvm.dll+0xaa584]
V  [jvm.dll+0x651e3c]
V  [jvm.dll+0x21ca49]
V  [jvm.dll+0x696a0a]
V  [jvm.dll+0x217300]
V  [jvm.dll+0x215109]
V  [jvm.dll+0x1a1730]
V  [jvm.dll+0x224b6e]
V  [jvm.dll+0x222f15]
V  [jvm.dll+0x78753c]
V  [jvm.dll+0x781a7a]
V  [jvm.dll+0x672375]
C  [ucrtbase.dll+0x21bb2]
C  [KERNEL32.DLL+0x17604]
C  [ntdll.dll+0x526a1]


---------------  P R O C E S S  ---------------

Threads class SMR info:
_java_thread_list=0x000002c1faf110d0, length=14, elements={
0x000002c1d29ba860, 0x000002c1f9c6eb20, 0x000002c1f9c74430, 0x000002c1fac05ba0,
0x000002c1fac06550, 0x000002c1fac08f10, 0x000002c1fac098c0, 0x000002c1fac0a5a0,
0x000002c1fac225e0, 0x000002c1fac55350, 0x000002c1fad43b60, 0x000002c1fad51cd0,
0x000002c1fae9f540, 0x000002c1fb352f60
}

Java Threads: ( => current thread )
  0x000002c1d29ba860 JavaThread "main" [_thread_in_Java, id=23488, stack(0x000000dd16800000,0x000000dd16900000)]
  0x000002c1f9c6eb20 JavaThread "Reference Handler" daemon [_thread_blocked, id=19536, stack(0x000000dd16f00000,0x000000dd17000000)]
  0x000002c1f9c74430 JavaThread "Finalizer" daemon [_thread_blocked, id=13472, stack(0x000000dd17000000,0x000000dd17100000)]
  0x000002c1fac05ba0 JavaThread "Signal Dispatcher" daemon [_thread_blocked, id=16396, stack(0x000000dd17100000,0x000000dd17200000)]
  0x000002c1fac06550 JavaThread "Attach Listener" daemon [_thread_blocked, id=18228, stack(0x000000dd17200000,0x000000dd17300000)]
  0x000002c1fac08f10 JavaThread "Service Thread" daemon [_thread_blocked, id=7632, stack(0x000000dd17300000,0x000000dd17400000)]
  0x000002c1fac098c0 JavaThread "Monitor Deflation Thread" daemon [_thread_blocked, id=3576, stack(0x000000dd17400000,0x000000dd17500000)]
  0x000002c1fac0a5a0 JavaThread "C2 CompilerThread0" daemon [_thread_blocked, id=4652, stack(0x000000dd17500000,0x000000dd17600000)]
  0x000002c1fac225e0 JavaThread "C1 CompilerThread0" daemon [_thread_blocked, id=18588, stack(0x000000dd17600000,0x000000dd17700000)]
  0x000002c1fac55350 JavaThread "Sweeper thread" daemon [_thread_blocked, id=14308, stack(0x000000dd17700000,0x000000dd17800000)]
  0x000002c1fad43b60 JavaThread "Notification Thread" daemon [_thread_blocked, id=6620, stack(0x000000dd17800000,0x000000dd17900000)]
  0x000002c1fad51cd0 JavaThread "Common-Cleaner" daemon [_thread_blocked, id=11948, stack(0x000000dd17a00000,0x000000dd17b00000)]
=>0x000002c1fae9f540 JavaThread "C2 CompilerThread1" daemon [_thread_in_native, id=9848, stack(0x000000dd17b00000,0x000000dd17c00000)]
  0x000002c1fb352f60 JavaThread "C2 CompilerThread2" daemon [_thread_in_native, id=7540, stack(0x000000dd17c00000,0x000000dd17d00000)]

Other Threads:
  0x000002c1f9c681c0 VMThread "VM Thread" [stack: 0x000000dd16e00000,0x000000dd16f00000] [id=3580]
  0x000002c1fad44030 WatcherThread [stack: 0x000000dd17900000,0x000000dd17a00000] [id=1668]
  0x000002c1d2a42630 GCTaskThread "GC Thread#0" [stack: 0x000000dd16900000,0x000000dd16a00000] [id=6552]
  0x000002c1fb2514a0 GCTaskThread "GC Thread#1" [stack: 0x000000dd17d00000,0x000000dd17e00000] [id=3904]
  0x000002c1fb251750 GCTaskThread "GC Thread#2" [stack: 0x000000dd17e00000,0x000000dd17f00000] [id=16684]
  0x000002c1fb2511f0 GCTaskThread "GC Thread#3" [stack: 0x000000dd17f00000,0x000000dd18000000] [id=21804]
  0x000002c1fb251a00 GCTaskThread "GC Thread#4" [stack: 0x000000dd18000000,0x000000dd18100000] [id=16720]
  0x000002c1fb2524c0 GCTaskThread "GC Thread#5" [stack: 0x000000dd18100000,0x000000dd18200000] [id=10992]
  0x000002c1fb251cb0 GCTaskThread "GC Thread#6" [stack: 0x000000dd18200000,0x000000dd18300000] [id=13584]
  0x000002c1fb251f60 GCTaskThread "GC Thread#7" [stack: 0x000000dd18300000,0x000000dd18400000] [id=2256]
  0x000002c1d2a4f3b0 ConcurrentGCThread "G1 Main Marker" [stack: 0x000000dd16a00000,0x000000dd16b00000] [id=2980]
  0x000002c1d2a502e0 ConcurrentGCThread "G1 Conc#0" [stack: 0x000000dd16b00000,0x000000dd16c00000] [id=21516]
  0x000002c1f9b22200 ConcurrentGCThread "G1 Refine#0" [stack: 0x000000dd16c00000,0x000000dd16d00000] [id=23152]
  0x000002c1f9b257f0 ConcurrentGCThread "G1 Service" [stack: 0x000000dd16d00000,0x000000dd16e00000] [id=11684]

Threads with active compile tasks:
C2 CompilerThread1     1088 1313       4       jdk.internal.loader.URLClassPath::getResource (74 bytes)

VM state: not at safepoint (normal execution)

VM Mutex/Monitor currently owned by a thread: None

Heap address: 0x0000000683800000, size: 6088 MB, Compressed Oops mode: Zero based, Oop shift amount: 3

CDS archive(s) mapped at: [0x0000000800000000-0x0000000800bd0000-0x0000000800bd0000), size 12386304, SharedBaseAddress: 0x0000000800000000, ArchiveRelocationMode: 0.
Compressed class space mapped at: 0x0000000800c00000-0x0000000840c00000, reserved size: 1073741824
Narrow klass base: 0x0000000800000000, Narrow klass shift: 0, Narrow klass range: 0x100000000

GC Precious Log:
 CPUs: 8 total, 8 available
 Memory: 24341M
 Large Page Support: Disabled
 NUMA Support: Disabled
 Compressed Oops: Enabled (Zero based)
 Heap Region Size: 4M
 Heap Min Capacity: 8M
 Heap Initial Capacity: 384M
 Heap Max Capacity: 6088M
 Pre-touch: Disabled
 Parallel Workers: 8
 Concurrent Workers: 2
 Concurrent Refinement Workers: 8
 Periodic GC: Disabled

Heap:
 garbage-first heap   total 393216K, used 18273K [0x0000000683800000, 0x0000000800000000)
  region size 4096K, 5 young (20480K), 1 survivors (4096K)
 Metaspace       used 8011K, committed 8128K, reserved 1056768K
  class space    used 913K, committed 960K, reserved 1048576K

Heap Regions: E=young(eden), S=young(survivor), O=old, HS=humongous(starts), HC=humongous(continues), CS=collection set, F=free, OA=open archive, CA=closed archive, TAMS=top-at-mark-start (previous, next)
|   0|0x0000000683800000, 0x00000006839d8400, 0x0000000683c00000| 46%| O|  |TAMS 0x0000000683800000, 0x0000000683800000| Untracked 
|   1|0x0000000683c00000, 0x0000000683c00000, 0x0000000684000000|  0%| F|  |TAMS 0x0000000683c00000, 0x0000000683c00000| Untracked 
|   2|0x0000000684000000, 0x0000000684000000, 0x0000000684400000|  0%| F|  |TAMS 0x0000000684000000, 0x0000000684000000| Untracked 
|   3|0x0000000684400000, 0x0000000684400000, 0x0000000684800000|  0%| F|  |TAMS 0x0000000684400000, 0x0000000684400000| Untracked 
|   4|0x0000000684800000, 0x0000000684800000, 0x0000000684c00000|  0%| F|  |TAMS 0x0000000684800000, 0x0000000684800000| Untracked 
|   5|0x0000000684c00000, 0x0000000684c00000, 0x0000000685000000|  0%| F|  |TAMS 0x0000000684c00000, 0x0000000684c00000| Untracked 
|   6|0x0000000685000000, 0x0000000685000000, 0x0000000685400000|  0%| F|  |TAMS 0x0000000685000000, 0x0000000685000000| Untracked 
|   7|0x0000000685400000, 0x0000000685400000, 0x0000000685800000|  0%| F|  |TAMS 0x0000000685400000, 0x0000000685400000| Untracked 
|   8|0x0000000685800000, 0x0000000685800000, 0x0000000685c00000|  0%| F|  |TAMS 0x0000000685800000, 0x0000000685800000| Untracked 
|   9|0x0000000685c00000, 0x0000000685c00000, 0x0000000686000000|  0%| F|  |TAMS 0x0000000685c00000, 0x0000000685c00000| Untracked 
|  10|0x0000000686000000, 0x0000000686000000, 0x0000000686400000|  0%| F|  |TAMS 0x0000000686000000, 0x0000000686000000| Untracked 
|  11|0x0000000686400000, 0x0000000686400000, 0x0000000686800000|  0%| F|  |TAMS 0x0000000686400000, 0x0000000686400000| Untracked 
|  12|0x0000000686800000, 0x0000000686800000, 0x0000000686c00000|  0%| F|  |TAMS 0x0000000686800000, 0x0000000686800000| Untracked 
|  13|0x0000000686c00000, 0x0000000686c00000, 0x0000000687000000|  0%| F|  |TAMS 0x0000000686c00000, 0x0000000686c00000| Untracked 
|  14|0x0000000687000000, 0x0000000687000000, 0x0000000687400000|  0%| F|  |TAMS 0x0000000687000000, 0x0000000687000000| Untracked 
|  15|0x0000000687400000, 0x0000000687400000, 0x0000000687800000|  0%| F|  |TAMS 0x0000000687400000, 0x0000000687400000| Untracked 
|  16|0x0000000687800000, 0x0000000687800000, 0x0000000687c00000|  0%| F|  |TAMS 0x0000000687800000, 0x0000000687800000| Untracked 
|  17|0x0000000687c00000, 0x0000000687c00000, 0x0000000688000000|  0%| F|  |TAMS 0x0000000687c00000, 0x0000000687c00000| Untracked 
|  18|0x0000000688000000, 0x0000000688000000, 0x0000000688400000|  0%| F|  |TAMS 0x0000000688000000, 0x0000000688000000| Untracked 
|  19|0x0000000688400000, 0x0000000688400000, 0x0000000688800000|  0%| F|  |TAMS 0x0000000688400000, 0x0000000688400000| Untracked 
|  20|0x0000000688800000, 0x0000000688800000, 0x0000000688c00000|  0%| F|  |TAMS 0x0000000688800000, 0x0000000688800000| Untracked 
|  21|0x0000000688c00000, 0x0000000688c00000, 0x0000000689000000|  0%| F|  |TAMS 0x0000000688c00000, 0x0000000688c00000| Untracked 
|  22|0x0000000689000000, 0x0000000689000000, 0x0000000689400000|  0%| F|  |TAMS 0x0000000689000000, 0x0000000689000000| Untracked 
|  23|0x0000000689400000, 0x0000000689400000, 0x0000000689800000|  0%| F|  |TAMS 0x0000000689400000, 0x0000000689400000| Untracked 
|  24|0x0000000689800000, 0x0000000689800000, 0x0000000689c00000|  0%| F|  |TAMS 0x0000000689800000, 0x0000000689800000| Untracked 
|  25|0x0000000689c00000, 0x0000000689c00000, 0x000000068a000000|  0%| F|  |TAMS 0x0000000689c00000, 0x0000000689c00000| Untracked 
|  26|0x000000068a000000, 0x000000068a000000, 0x000000068a400000|  0%| F|  |TAMS 0x000000068a000000, 0x000000068a000000| Untracked 
|  27|0x000000068a400000, 0x000000068a400000, 0x000000068a800000|  0%| F|  |TAMS 0x000000068a400000, 0x000000068a400000| Untracked 
|  28|0x000000068a800000, 0x000000068a800000, 0x000000068ac00000|  0%| F|  |TAMS 0x000000068a800000, 0x000000068a800000| Untracked 
|  29|0x000000068ac00000, 0x000000068ac00000, 0x000000068b000000|  0%| F|  |TAMS 0x000000068ac00000, 0x000000068ac00000| Untracked 
|  30|0x000000068b000000, 0x000000068b000000, 0x000000068b400000|  0%| F|  |TAMS 0x000000068b000000, 0x000000068b000000| Untracked 
|  31|0x000000068b400000, 0x000000068b400000, 0x000000068b800000|  0%| F|  |TAMS 0x000000068b400000, 0x000000068b400000| Untracked 
|  32|0x000000068b800000, 0x000000068b800000, 0x000000068bc00000|  0%| F|  |TAMS 0x000000068b800000, 0x000000068b800000| Untracked 
|  33|0x000000068bc00000, 0x000000068bc00000, 0x000000068c000000|  0%| F|  |TAMS 0x000000068bc00000, 0x000000068bc00000| Untracked 
|  34|0x000000068c000000, 0x000000068c000000, 0x000000068c400000|  0%| F|  |TAMS 0x000000068c000000, 0x000000068c000000| Untracked 
|  35|0x000000068c400000, 0x000000068c400000, 0x000000068c800000|  0%| F|  |TAMS 0x000000068c400000, 0x000000068c400000| Untracked 
|  36|0x000000068c800000, 0x000000068c800000, 0x000000068cc00000|  0%| F|  |TAMS 0x000000068c800000, 0x000000068c800000| Untracked 
|  37|0x000000068cc00000, 0x000000068cc00000, 0x000000068d000000|  0%| F|  |TAMS 0x000000068cc00000, 0x000000068cc00000| Untracked 
|  38|0x000000068d000000, 0x000000068d000000, 0x000000068d400000|  0%| F|  |TAMS 0x000000068d000000, 0x000000068d000000| Untracked 
|  39|0x000000068d400000, 0x000000068d400000, 0x000000068d800000|  0%| F|  |TAMS 0x000000068d400000, 0x000000068d400000| Untracked 
|  40|0x000000068d800000, 0x000000068d800000, 0x000000068dc00000|  0%| F|  |TAMS 0x000000068d800000, 0x000000068d800000| Untracked 
|  41|0x000000068dc00000, 0x000000068dc00000, 0x000000068e000000|  0%| F|  |TAMS 0x000000068dc00000, 0x000000068dc00000| Untracked 
|  42|0x000000068e000000, 0x000000068e000000, 0x000000068e400000|  0%| F|  |TAMS 0x000000068e000000, 0x000000068e000000| Untracked 
|  43|0x000000068e400000, 0x000000068e400000, 0x000000068e800000|  0%| F|  |TAMS 0x000000068e400000, 0x000000068e400000| Untracked 
|  44|0x000000068e800000, 0x000000068e800000, 0x000000068ec00000|  0%| F|  |TAMS 0x000000068e800000, 0x000000068e800000| Untracked 
|  45|0x000000068ec00000, 0x000000068ec00000, 0x000000068f000000|  0%| F|  |TAMS 0x000000068ec00000, 0x000000068ec00000| Untracked 
|  46|0x000000068f000000, 0x000000068f000000, 0x000000068f400000|  0%| F|  |TAMS 0x000000068f000000, 0x000000068f000000| Untracked 
|  47|0x000000068f400000, 0x000000068f400000, 0x000000068f800000|  0%| F|  |TAMS 0x000000068f400000, 0x000000068f400000| Untracked 
|  48|0x000000068f800000, 0x000000068f800000, 0x000000068fc00000|  0%| F|  |TAMS 0x000000068f800000, 0x000000068f800000| Untracked 
|  49|0x000000068fc00000, 0x000000068fc00000, 0x0000000690000000|  0%| F|  |TAMS 0x000000068fc00000, 0x000000068fc00000| Untracked 
|  50|0x0000000690000000, 0x0000000690000000, 0x0000000690400000|  0%| F|  |TAMS 0x0000000690000000, 0x0000000690000000| Untracked 
|  51|0x0000000690400000, 0x0000000690400000, 0x0000000690800000|  0%| F|  |TAMS 0x0000000690400000, 0x0000000690400000| Untracked 
|  52|0x0000000690800000, 0x0000000690800000, 0x0000000690c00000|  0%| F|  |TAMS 0x0000000690800000, 0x0000000690800000| Untracked 
|  53|0x0000000690c00000, 0x0000000690c00000, 0x0000000691000000|  0%| F|  |TAMS 0x0000000690c00000, 0x0000000690c00000| Untracked 
|  54|0x0000000691000000, 0x0000000691000000, 0x0000000691400000|  0%| F|  |TAMS 0x0000000691000000, 0x0000000691000000| Untracked 
|  55|0x0000000691400000, 0x0000000691400000, 0x0000000691800000|  0%| F|  |TAMS 0x0000000691400000, 0x0000000691400000| Untracked 
|  56|0x0000000691800000, 0x0000000691800000, 0x0000000691c00000|  0%| F|  |TAMS 0x0000000691800000, 0x0000000691800000| Untracked 
|  57|0x0000000691c00000, 0x0000000691c00000, 0x0000000692000000|  0%| F|  |TAMS 0x0000000691c00000, 0x0000000691c00000| Untracked 
|  58|0x0000000692000000, 0x0000000692000000, 0x0000000692400000|  0%| F|  |TAMS 0x0000000692000000, 0x0000000692000000| Untracked 
|  59|0x0000000692400000, 0x0000000692400000, 0x0000000692800000|  0%| F|  |TAMS 0x0000000692400000, 0x0000000692400000| Untracked 
|  60|0x0000000692800000, 0x0000000692800000, 0x0000000692c00000|  0%| F|  |TAMS 0x0000000692800000, 0x0000000692800000| Untracked 
|  61|0x0000000692c00000, 0x0000000692c00000, 0x0000000693000000|  0%| F|  |TAMS 0x0000000692c00000, 0x0000000692c00000| Untracked 
|  62|0x0000000693000000, 0x0000000693000000, 0x0000000693400000|  0%| F|  |TAMS 0x0000000693000000, 0x0000000693000000| Untracked 
|  63|0x0000000693400000, 0x0000000693400000, 0x0000000693800000|  0%| F|  |TAMS 0x0000000693400000, 0x0000000693400000| Untracked 
|  64|0x0000000693800000, 0x0000000693800000, 0x0000000693c00000|  0%| F|  |TAMS 0x0000000693800000, 0x0000000693800000| Untracked 
|  65|0x0000000693c00000, 0x0000000693c00000, 0x0000000694000000|  0%| F|  |TAMS 0x0000000693c00000, 0x0000000693c00000| Untracked 
|  66|0x0000000694000000, 0x0000000694000000, 0x0000000694400000|  0%| F|  |TAMS 0x0000000694000000, 0x0000000694000000| Untracked 
|  67|0x0000000694400000, 0x0000000694400000, 0x0000000694800000|  0%| F|  |TAMS 0x0000000694400000, 0x0000000694400000| Untracked 
|  68|0x0000000694800000, 0x0000000694800000, 0x0000000694c00000|  0%| F|  |TAMS 0x0000000694800000, 0x0000000694800000| Untracked 
|  69|0x0000000694c00000, 0x0000000694c00000, 0x0000000695000000|  0%| F|  |TAMS 0x0000000694c00000, 0x0000000694c00000| Untracked 
|  70|0x0000000695000000, 0x0000000695000000, 0x0000000695400000|  0%| F|  |TAMS 0x0000000695000000, 0x0000000695000000| Untracked 
|  71|0x0000000695400000, 0x0000000695400000, 0x0000000695800000|  0%| F|  |TAMS 0x0000000695400000, 0x0000000695400000| Untracked 
|  72|0x0000000695800000, 0x0000000695800000, 0x0000000695c00000|  0%| F|  |TAMS 0x0000000695800000, 0x0000000695800000| Untracked 
|  73|0x0000000695c00000, 0x0000000695c00000, 0x0000000696000000|  0%| F|  |TAMS 0x0000000695c00000, 0x0000000695c00000| Untracked 
|  74|0x0000000696000000, 0x0000000696000000, 0x0000000696400000|  0%| F|  |TAMS 0x0000000696000000, 0x0000000696000000| Untracked 
|  75|0x0000000696400000, 0x0000000696400000, 0x0000000696800000|  0%| F|  |TAMS 0x0000000696400000, 0x0000000696400000| Untracked 
|  76|0x0000000696800000, 0x0000000696800000, 0x0000000696c00000|  0%| F|  |TAMS 0x0000000696800000, 0x0000000696800000| Untracked 
|  77|0x0000000696c00000, 0x0000000696c00000, 0x0000000697000000|  0%| F|  |TAMS 0x0000000696c00000, 0x0000000696c00000| Untracked 
|  78|0x0000000697000000, 0x0000000697000000, 0x0000000697400000|  0%| F|  |TAMS 0x0000000697000000, 0x0000000697000000| Untracked 
|  79|0x0000000697400000, 0x0000000697400000, 0x0000000697800000|  0%| F|  |TAMS 0x0000000697400000, 0x0000000697400000| Untracked 
|  80|0x0000000697800000, 0x0000000697800000, 0x0000000697c00000|  0%| F|  |TAMS 0x0000000697800000, 0x0000000697800000| Untracked 
|  81|0x0000000697c00000, 0x0000000697c00000, 0x0000000698000000|  0%| F|  |TAMS 0x0000000697c00000, 0x0000000697c00000| Untracked 
|  82|0x0000000698000000, 0x0000000698000000, 0x0000000698400000|  0%| F|  |TAMS 0x0000000698000000, 0x0000000698000000| Untracked 
|  83|0x0000000698400000, 0x0000000698400000, 0x0000000698800000|  0%| F|  |TAMS 0x0000000698400000, 0x0000000698400000| Untracked 
|  84|0x0000000698800000, 0x0000000698800000, 0x0000000698c00000|  0%| F|  |TAMS 0x0000000698800000, 0x0000000698800000| Untracked 
|  85|0x0000000698c00000, 0x0000000698c00000, 0x0000000699000000|  0%| F|  |TAMS 0x0000000698c00000, 0x0000000698c00000| Untracked 
|  86|0x0000000699000000, 0x0000000699000000, 0x0000000699400000|  0%| F|  |TAMS 0x0000000699000000, 0x0000000699000000| Untracked 
|  87|0x0000000699400000, 0x0000000699400000, 0x0000000699800000|  0%| F|  |TAMS 0x0000000699400000, 0x0000000699400000| Untracked 
|  88|0x0000000699800000, 0x0000000699800000, 0x0000000699c00000|  0%| F|  |TAMS 0x0000000699800000, 0x0000000699800000| Untracked 
|  89|0x0000000699c00000, 0x0000000699c00000, 0x000000069a000000|  0%| F|  |TAMS 0x0000000699c00000, 0x0000000699c00000| Untracked 
|  90|0x000000069a000000, 0x000000069a400000, 0x000000069a400000|100%| S|CS|TAMS 0x000000069a000000, 0x000000069a000000| Complete 
|  91|0x000000069a400000, 0x000000069a400000, 0x000000069a800000|  0%| F|  |TAMS 0x000000069a400000, 0x000000069a400000| Untracked 
|  92|0x000000069a800000, 0x000000069a9e6fe0, 0x000000069ac00000| 47%| E|  |TAMS 0x000000069a800000, 0x000000069a800000| Complete 
|  93|0x000000069ac00000, 0x000000069b000000, 0x000000069b000000|100%| E|CS|TAMS 0x000000069ac00000, 0x000000069ac00000| Complete 
|  94|0x000000069b000000, 0x000000069b400000, 0x000000069b400000|100%| E|CS|TAMS 0x000000069b000000, 0x000000069b000000| Complete 
|  95|0x000000069b400000, 0x000000069b800000, 0x000000069b800000|100%| E|CS|TAMS 0x000000069b400000, 0x000000069b400000| Complete 

Card table byte_map: [0x000002c1ea130000,0x000002c1ead20000] _byte_map_base: 0x000002c1e6d14000

Marking Bits (Prev, Next): (CMBitMap*) 0x000002c1d2a42c40, (CMBitMap*) 0x000002c1d2a42c80
 Prev Bits: [0x000002c1eb910000, 0x000002c1f1830000)
 Next Bits: [0x000002c1f1830000, 0x000002c1f7750000)

Polling page: 0x000002c1d2160000

Metaspace:

Usage:
  Non-class:      6.93 MB used.
      Class:    913.73 KB used.
       Both:      7.82 MB used.

Virtual space:
  Non-class space:        8.00 MB reserved,       7.00 MB ( 88%) committed,  1 nodes.
      Class space:        1.00 GB reserved,     960.00 KB ( <1%) committed,  1 nodes.
             Both:        1.01 GB reserved,       7.94 MB ( <1%) committed. 

Chunk freelists:
   Non-Class:  464.00 KB
       Class:  2.94 MB
        Both:  3.39 MB

MaxMetaspaceSize: unlimited
CompressedClassSpaceSize: 1.00 GB
Initial GC threshold: 21.00 MB
Current GC threshold: 21.00 MB
CDS: on
MetaspaceReclaimPolicy: balanced
 - commit_granule_bytes: 65536.
 - commit_granule_words: 8192.
 - virtual_space_node_default_size: 1048576.
 - enlarge_chunks_in_place: 1.
 - new_chunks_are_fully_committed: 0.
 - uncommit_free_chunks: 1.
 - use_allocation_guard: 0.
 - handle_deallocations: 1.


Internal statistics:

num_allocs_failed_limit: 0.
num_arena_births: 142.
num_arena_deaths: 0.
num_vsnodes_births: 2.
num_vsnodes_deaths: 0.
num_space_committed: 127.
num_space_uncommitted: 0.
num_chunks_returned_to_freelist: 0.
num_chunks_taken_from_freelist: 332.
num_chunk_merges: 0.
num_chunk_splits: 226.
num_chunks_enlarged: 152.
num_purges: 0.
num_inconsistent_stats: 0.

CodeHeap 'non-profiled nmethods': size=120000Kb used=518Kb max_used=518Kb free=119481Kb
 bounds [0x000002c1e1ce0000, 0x000002c1e1f50000, 0x000002c1e9210000]
CodeHeap 'profiled nmethods': size=120000Kb used=2389Kb max_used=2389Kb free=117610Kb
 bounds [0x000002c1da210000, 0x000002c1da480000, 0x000002c1e1740000]
CodeHeap 'non-nmethods': size=5760Kb used=1187Kb max_used=1201Kb free=4572Kb
 bounds [0x000002c1e1740000, 0x000002c1e19b0000, 0x000002c1e1ce0000]
 total_blobs=1807 nmethods=1338 adapters=382
 compilation: enabled
              stopped_count=0, restarted_count=0
 full_count=0

Compilation events (20 events):
Event: 1.046 Thread 0x000002c1fac225e0 1314       3       java.security.SecureClassLoader::getProtectionDomain (38 bytes)
Event: 1.046 Thread 0x000002c1fac225e0 nmethod 1314 0x000002c1da45c590 code [0x000002c1da45c780, 0x000002c1da45ce28]
Event: 1.046 Thread 0x000002c1fac225e0 1315       3       java.lang.ClassLoader::defineClass (43 bytes)
Event: 1.046 Thread 0x000002c1fac225e0 nmethod 1315 0x000002c1da45d010 code [0x000002c1da45d200, 0x000002c1da45d718]
Event: 1.048 Thread 0x000002c1fac225e0 1316       3       java.util.regex.Pattern::isSupplementary (21 bytes)
Event: 1.048 Thread 0x000002c1fac225e0 nmethod 1316 0x000002c1da45d990 code [0x000002c1da45db40, 0x000002c1da45ddb8]
Event: 1.048 Thread 0x000002c1fac225e0 1317       3       java.lang.Character::isSurrogate (18 bytes)
Event: 1.048 Thread 0x000002c1fac225e0 nmethod 1317 0x000002c1da45de90 code [0x000002c1da45e020, 0x000002c1da45e1b8]
Event: 1.048 Thread 0x000002c1fac225e0 1318       3       java.util.regex.Pattern::peek (26 bytes)
Event: 1.048 Thread 0x000002c1fac225e0 nmethod 1318 0x000002c1da45e290 code [0x000002c1da45e440, 0x000002c1da45e6a8]
Event: 1.049 Thread 0x000002c1fb352f60 1320       4       java.lang.invoke.MemberName::getReferenceKind (12 bytes)
Event: 1.049 Thread 0x000002c1fac0a5a0 1321       4       java.lang.Object::<init> (1 bytes)
Event: 1.049 Thread 0x000002c1fac225e0 1322       3       java.util.regex.Pattern::next (33 bytes)
Event: 1.049 Thread 0x000002c1fb352f60 nmethod 1320 0x000002c1e1d60c90 code [0x000002c1e1d60e00, 0x000002c1e1d60e78]
Event: 1.049 Thread 0x000002c1fac225e0 nmethod 1322 0x000002c1da45e810 code [0x000002c1da45e9c0, 0x000002c1da45ec28]
Event: 1.049 Thread 0x000002c1fac0a5a0 nmethod 1321 0x000002c1e1d60f90 code [0x000002c1e1d61100, 0x000002c1e1d611b8]
Event: 1.049 Thread 0x000002c1fac225e0 1323       3       java.lang.Character::isHighSurrogate (18 bytes)
Event: 1.050 Thread 0x000002c1fac225e0 nmethod 1323 0x000002c1da45ed90 code [0x000002c1da45ef20, 0x000002c1da45f0b8]
Event: 1.051 Thread 0x000002c1fac225e0 1324       3       java.util.HashMap::entrySet (27 bytes)
Event: 1.051 Thread 0x000002c1fac225e0 nmethod 1324 0x000002c1da45f190 code [0x000002c1da45f360, 0x000002c1da45f778]

GC Heap History (2 events):
Event: 0.644 GC heap before
{Heap before GC invocations=0 (full 0):
 garbage-first heap   total 393216K, used 16384K [0x0000000683800000, 0x0000000800000000)
  region size 4096K, 5 young (20480K), 0 survivors (0K)
 Metaspace       used 3238K, committed 3392K, reserved 1056768K
  class space    used 326K, committed 384K, reserved 1048576K
}
Event: 0.651 GC heap after
{Heap after GC invocations=1 (full 0):
 garbage-first heap   total 393216K, used 5985K [0x0000000683800000, 0x0000000800000000)
  region size 4096K, 1 young (4096K), 1 survivors (4096K)
 Metaspace       used 3238K, committed 3392K, reserved 1056768K
  class space    used 326K, committed 384K, reserved 1048576K
}

Deoptimization events (20 events):
Event: 0.952 Thread 0x000002c1d29ba860 DEOPT PACKING pc=0x000002c1e1d3b1b8 sp=0x000000dd168fd0f0
Event: 0.952 Thread 0x000002c1d29ba860 DEOPT UNPACKING pc=0x000002c1e1795ba3 sp=0x000000dd168fd088 mode 2
Event: 0.963 Thread 0x000002c1d29ba860 Uncommon trap: trap_request=0xffffffde fr.pc=0x000002c1e1d4c664 relative=0x0000000000000404
Event: 0.963 Thread 0x000002c1d29ba860 Uncommon trap: reason=class_check action=maybe_recompile pc=0x000002c1e1d4c664 method=java.util.HashMap.putVal(ILjava/lang/Object;Ljava/lang/Object;ZZ)Ljava/lang/Object; @ 253 c2
Event: 0.963 Thread 0x000002c1d29ba860 DEOPT PACKING pc=0x000002c1e1d4c664 sp=0x000000dd168fd6f0
Event: 0.963 Thread 0x000002c1d29ba860 DEOPT UNPACKING pc=0x000002c1e1795ba3 sp=0x000000dd168fd680 mode 2
Event: 0.963 Thread 0x000002c1d29ba860 Uncommon trap: trap_request=0xffffffde fr.pc=0x000002c1e1d4c664 relative=0x0000000000000404
Event: 0.963 Thread 0x000002c1d29ba860 Uncommon trap: reason=class_check action=maybe_recompile pc=0x000002c1e1d4c664 method=java.util.HashMap.putVal(ILjava/lang/Object;Ljava/lang/Object;ZZ)Ljava/lang/Object; @ 253 c2
Event: 0.963 Thread 0x000002c1d29ba860 DEOPT PACKING pc=0x000002c1e1d4c664 sp=0x000000dd168fd6f0
Event: 0.963 Thread 0x000002c1d29ba860 DEOPT UNPACKING pc=0x000002c1e1795ba3 sp=0x000000dd168fd680 mode 2
Event: 0.963 Thread 0x000002c1d29ba860 Uncommon trap: trap_request=0xffffffde fr.pc=0x000002c1e1d4c664 relative=0x0000000000000404
Event: 0.963 Thread 0x000002c1d29ba860 Uncommon trap: reason=class_check action=maybe_recompile pc=0x000002c1e1d4c664 method=java.util.HashMap.putVal(ILjava/lang/Object;Ljava/lang/Object;ZZ)Ljava/lang/Object; @ 253 c2
Event: 0.963 Thread 0x000002c1d29ba860 DEOPT PACKING pc=0x000002c1e1d4c664 sp=0x000000dd168fd6f0
Event: 0.963 Thread 0x000002c1d29ba860 DEOPT UNPACKING pc=0x000002c1e1795ba3 sp=0x000000dd168fd680 mode 2
Event: 0.963 Thread 0x000002c1d29ba860 Uncommon trap: trap_request=0xffffffde fr.pc=0x000002c1e1d4c664 relative=0x0000000000000404
Event: 0.963 Thread 0x000002c1d29ba860 Uncommon trap: reason=class_check action=maybe_recompile pc=0x000002c1e1d4c664 method=java.util.HashMap.putVal(ILjava/lang/Object;Ljava/lang/Object;ZZ)Ljava/lang/Object; @ 253 c2
Event: 0.963 Thread 0x000002c1d29ba860 DEOPT PACKING pc=0x000002c1e1d4c664 sp=0x000000dd168fd6f0
Event: 0.963 Thread 0x000002c1d29ba860 DEOPT UNPACKING pc=0x000002c1e1795ba3 sp=0x000000dd168fd680 mode 2
Event: 1.043 Thread 0x000002c1d29ba860 DEOPT PACKING pc=0x000002c1da325ffd sp=0x000000dd168fb020
Event: 1.043 Thread 0x000002c1d29ba860 DEOPT UNPACKING pc=0x000002c1e17966e3 sp=0x000000dd168fa4a8 mode 0

Classes unloaded (0 events):
No events

Classes redefined (0 events):
No events

Internal exceptions (19 events):
Event: 0.434 Thread 0x000002c1d29ba860 Exception <a 'java/lang/NoSuchMethodError'{0x000000069affd5f8}: 'void java.lang.invoke.DirectMethodHandle$Holder.invokeStatic(java.lang.Object, java.lang.Object, java.lang.Object)'> (0x000000069affd5f8) 
thrown [s\open\src\hotspot\share\interpreter\linkResolver.cpp, line 759]
Event: 0.444 Thread 0x000002c1d29ba860 Exception <a 'java/lang/NoSuchMethodError'{0x000000069a81f350}: 'java.lang.Object java.lang.invoke.DirectMethodHandle$Holder.invokeStaticInit(java.lang.Object, java.lang.Object, java.lang.Object)'> (0x000000069a81f350) 
thrown [s\open\src\hotspot\share\interpreter\linkResolver.cpp, line 759]
Event: 0.448 Thread 0x000002c1d29ba860 Exception <a 'java/lang/NoSuchMethodError'{0x000000069a835ff8}: 'java.lang.Object java.lang.invoke.DirectMethodHandle$Holder.invokeStatic(java.lang.Object, java.lang.Object, int)'> (0x000000069a835ff8) 
thrown [s\open\src\hotspot\share\interpreter\linkResolver.cpp, line 759]
Event: 0.450 Thread 0x000002c1d29ba860 Exception <a 'java/lang/NoSuchMethodError'{0x000000069a841e60}: 'void java.lang.invoke.DelegatingMethodHandle$Holder.delegate(java.lang.Object, java.lang.Object, int, java.lang.Object)'> (0x000000069a841e60) 
thrown [s\open\src\hotspot\share\interpreter\linkResolver.cpp, line 759]
Event: 0.450 Thread 0x000002c1d29ba860 Exception <a 'java/lang/NoSuchMethodError'{0x000000069a845fa8}: 'int java.lang.invoke.DirectMethodHandle$Holder.invokeSpecial(java.lang.Object, java.lang.Object, java.lang.Object)'> (0x000000069a845fa8) 
thrown [s\open\src\hotspot\share\interpreter\linkResolver.cpp, line 759]
Event: 0.464 Thread 0x000002c1d29ba860 Exception <a 'java/lang/NoSuchMethodError'{0x000000069a875b00}: 'java.lang.Object java.lang.invoke.DirectMethodHandle$Holder.newInvokeSpecial(java.lang.Object, int, java.lang.Object)'> (0x000000069a875b00) 
thrown [s\open\src\hotspot\share\interpreter\linkResolver.cpp, line 759]
Event: 0.468 Thread 0x000002c1d29ba860 Implicit null exception at 0x000002c1e1d0a2af to 0x000002c1e1d0b41f
Event: 0.474 Thread 0x000002c1d29ba860 Exception <a 'java/lang/NoSuchMethodError'{0x000000069a8a3f48}: 'java.lang.Object java.lang.invoke.DirectMethodHandle$Holder.invokeInterface(java.lang.Object, java.lang.Object)'> (0x000000069a8a3f48) 
thrown [s\open\src\hotspot\share\interpreter\linkResolver.cpp, line 759]
Event: 0.474 Thread 0x000002c1d29ba860 Exception <a 'java/lang/IncompatibleClassChangeError'{0x000000069a8a7498}: Found class java.lang.Object, but interface was expected> (0x000000069a8a7498) 
thrown [s\open\src\hotspot\share\interpreter\linkResolver.cpp, line 826]
Event: 0.478 Thread 0x000002c1d29ba860 Exception <a 'java/lang/NoSuchMethodError'{0x000000069a8b7348}: 'void java.lang.invoke.DirectMethodHandle$Holder.invokeSpecial(java.lang.Object, java.lang.Object, java.lang.Object)'> (0x000000069a8b7348) 
thrown [s\open\src\hotspot\share\interpreter\linkResolver.cpp, line 759]
Event: 0.483 Thread 0x000002c1d29ba860 Exception <a 'java/lang/NoSuchMethodError'{0x000000069a8d7b68}: 'java.lang.Object java.lang.invoke.DirectMethodHandle$Holder.newInvokeSpecial(java.lang.Object, java.lang.Object, java.lang.Object, int, java.lang.Object)'> (0x000000069a8d7b68) 
thrown [s\open\src\hotspot\share\interpreter\linkResolver.cpp, line 759]
Event: 0.484 Thread 0x000002c1d29ba860 Exception <a 'java/lang/NoSuchMethodError'{0x000000069a8df728}: 'java.lang.Object java.lang.invoke.Invokers$Holder.linkToTargetMethod(java.lang.Object, java.lang.Object, int, java.lang.Object, java.lang.Object)'> (0x000000069a8df728) 
thrown [s\open\src\hotspot\share\interpreter\linkResolver.cpp, line 759]
Event: 0.683 Thread 0x000002c1d29ba860 Exception <a 'java/lang/NoSuchMethodError'{0x000000069b63f800}: 'java.lang.Object java.lang.invoke.DirectMethodHandle$Holder.newInvokeSpecial(java.lang.Object, long, int, java.lang.Object)'> (0x000000069b63f800) 
thrown [s\open\src\hotspot\share\interpreter\linkResolver.cpp, line 759]
Event: 0.696 Thread 0x000002c1d29ba860 Exception <a 'java/lang/NoSuchMethodError'{0x000000069b6c50e0}: 'void java.lang.invoke.DirectMethodHandle$Holder.invokeStatic(java.lang.Object, java.lang.Object, java.lang.Object, java.lang.Object)'> (0x000000069b6c50e0) 
thrown [s\open\src\hotspot\share\interpreter\linkResolver.cpp, line 759]
Event: 0.696 Thread 0x000002c1d29ba860 Exception <a 'java/lang/NoSuchMethodError'{0x000000069b6c8d88}: 'void java.lang.invoke.DirectMethodHandle$Holder.invokeStaticInit(java.lang.Object, java.lang.Object, java.lang.Object, java.lang.Object)'> (0x000000069b6c8d88) 
thrown [s\open\src\hotspot\share\interpreter\linkResolver.cpp, line 759]
Event: 0.710 Thread 0x000002c1d29ba860 Exception <a 'java/lang/NoSuchMethodError'{0x000000069b765e20}: 'java.lang.Object java.lang.invoke.DirectMethodHandle$Holder.invokeStaticInit(java.lang.Object)'> (0x000000069b765e20) 
thrown [s\open\src\hotspot\share\interpreter\linkResolver.cpp, line 759]
Event: 0.938 Thread 0x000002c1d29ba860 Exception <a 'java/lang/NoSuchMethodError'{0x000000069acd01e0}: 'int java.lang.invoke.DirectMethodHandle$Holder.invokeInterface(java.lang.Object, java.lang.Object)'> (0x000000069acd01e0) 
thrown [s\open\src\hotspot\share\interpreter\linkResolver.cpp, line 759]
Event: 0.938 Thread 0x000002c1d29ba860 Exception <a 'java/lang/IncompatibleClassChangeError'{0x000000069acd37e0}: Found class java.lang.Object, but interface was expected> (0x000000069acd37e0) 
thrown [s\open\src\hotspot\share\interpreter\linkResolver.cpp, line 826]
Event: 0.939 Thread 0x000002c1d29ba860 Exception <a 'java/lang/NoSuchMethodError'{0x000000069acd9368}: 'void java.lang.invoke.DirectMethodHandle$Holder.invokeStatic(java.lang.Object, java.lang.Object)'> (0x000000069acd9368) 
thrown [s\open\src\hotspot\share\interpreter\linkResolver.cpp, line 759]

VM Operations (14 events):
Event: 0.245 Executing VM operation: HandshakeAllThreads
Event: 0.246 Executing VM operation: HandshakeAllThreads done
Event: 0.343 Executing VM operation: HandshakeAllThreads
Event: 0.343 Executing VM operation: HandshakeAllThreads done
Event: 0.448 Executing VM operation: HandshakeAllThreads
Event: 0.448 Executing VM operation: HandshakeAllThreads done
Event: 0.470 Executing VM operation: HandshakeAllThreads
Event: 0.470 Executing VM operation: HandshakeAllThreads done
Event: 0.476 Executing VM operation: HandshakeAllThreads
Event: 0.476 Executing VM operation: HandshakeAllThreads done
Event: 0.644 Executing VM operation: G1CollectForAllocation
Event: 0.651 Executing VM operation: G1CollectForAllocation done
Event: 1.042 Executing VM operation: HandshakeAllThreads
Event: 1.042 Executing VM operation: HandshakeAllThreads done

Events (20 events):
Event: 1.024 loading class com/sun/jmx/mbeanserver/Repository$ObjectNamePattern
Event: 1.024 loading class com/sun/jmx/mbeanserver/Repository$ObjectNamePattern done
Event: 1.024 loading class java/util/Hashtable$EntrySet
Event: 1.024 loading class java/util/Hashtable$EntrySet done
Event: 1.025 loading class java/beans/PropertyChangeListener
Event: 1.025 loading class java/beans/PropertyChangeListener done
Event: 1.026 loading class com/sun/jmx/mbeanserver/StandardMBeanSupport
Event: 1.026 loading class com/sun/jmx/mbeanserver/StandardMBeanSupport done
Event: 1.026 loading class com/sun/jmx/mbeanserver/StandardMBeanIntrospector
Event: 1.026 loading class com/sun/jmx/mbeanserver/StandardMBeanIntrospector done
Event: 1.035 loading class java/security/NoSuchAlgorithmException
Event: 1.035 loading class java/security/GeneralSecurityException
Event: 1.035 loading class java/security/GeneralSecurityException done
Event: 1.035 loading class java/security/NoSuchAlgorithmException done
Event: 1.049 loading class java/util/regex/Pattern$Loop
Event: 1.049 loading class java/util/regex/Pattern$Loop done
Event: 1.049 loading class java/util/regex/Pattern$Prolog
Event: 1.049 loading class java/util/regex/Pattern$Prolog done
Event: 1.050 loading class org/xml/sax/SAXException
Event: 1.050 loading class org/xml/sax/SAXException done


Dynamic libraries:
0x00007ff6dcc00000 - 0x00007ff6dcc10000 	C:\Program Files\Java\jdk-17\bin\javaw.exe
0x00007ff9cb5d0000 - 0x00007ff9cb7c8000 	C:\windows\SYSTEM32\ntdll.dll
0x00007ff9c9d30000 - 0x00007ff9c9def000 	C:\windows\System32\KERNEL32.DLL
0x00007ff9c8f60000 - 0x00007ff9c923a000 	C:\windows\System32\KERNELBASE.dll
0x0000000077540000 - 0x0000000077871000 	C:\Program Files\Norton Security\NortonData\22.21.1.151\Definitions\IPSDefs\20230424.061\IPSEng64.dll
0x00007ff9ca1e0000 - 0x00007ff9ca28e000 	C:\windows\System32\ADVAPI32.dll
0x00007ff9cab40000 - 0x00007ff9cabde000 	C:\windows\System32\msvcrt.dll
0x00007ff9c9df0000 - 0x00007ff9c9e8c000 	C:\windows\System32\sechost.dll
0x00007ff9ca290000 - 0x00007ff9ca3b6000 	C:\windows\System32\RPCRT4.dll
0x00007ff9caa10000 - 0x00007ff9caa18000 	C:\windows\System32\PSAPI.DLL
0x00007ff9c93a0000 - 0x00007ff9c94a0000 	C:\windows\System32\ucrtbase.dll
0x00007ff9a9cb0000 - 0x00007ff9a9cc8000 	C:\Program Files\Java\jdk-17\bin\jli.dll
0x00007ff9c9740000 - 0x00007ff9c98dd000 	C:\windows\System32\USER32.dll
0x00007ff9c94a0000 - 0x00007ff9c94c2000 	C:\windows\System32\win32u.dll
0x00007ff9c9940000 - 0x00007ff9c996b000 	C:\windows\System32\GDI32.dll
0x00007ff9c8e50000 - 0x00007ff9c8f60000 	C:\windows\System32\gdi32full.dll
0x00007ff9c9300000 - 0x00007ff9c939d000 	C:\windows\System32\msvcp_win.dll
0x00007ff9bf400000 - 0x00007ff9bf41b000 	C:\Program Files\Java\jdk-17\bin\VCRUNTIME140.dll
0x00007ff9aabe0000 - 0x00007ff9aae7a000 	C:\windows\WinSxS\amd64_microsoft.windows.common-controls_6595b64144ccf1df_6.0.19041.1110_none_60b5254171f9507e\COMCTL32.dll
0x00007ff9bc8f0000 - 0x00007ff9bc8fa000 	C:\windows\SYSTEM32\VERSION.dll
0x00007ff9c9cd0000 - 0x00007ff9c9d00000 	C:\windows\System32\IMM32.DLL
0x00007ff9c0750000 - 0x00007ff9c075c000 	C:\Program Files\Java\jdk-17\bin\vcruntime140_1.dll
0x00007ff988870000 - 0x00007ff9888fe000 	C:\Program Files\Java\jdk-17\bin\msvcp140.dll
0x00007ff955140000 - 0x00007ff955d17000 	C:\Program Files\Java\jdk-17\bin\server\jvm.dll
0x00007ff9bf520000 - 0x00007ff9bf529000 	C:\windows\SYSTEM32\WSOCK32.dll
0x00007ff9ca170000 - 0x00007ff9ca1db000 	C:\windows\System32\WS2_32.dll
0x00007ff9a9b60000 - 0x00007ff9a9b87000 	C:\windows\SYSTEM32\WINMM.dll
0x00007ff9c7550000 - 0x00007ff9c7562000 	C:\windows\SYSTEM32\kernel.appcore.dll
0x00007ff9bf3f0000 - 0x00007ff9bf3fa000 	C:\Program Files\Java\jdk-17\bin\jimage.dll
0x00007ff9c7040000 - 0x00007ff9c7224000 	C:\windows\SYSTEM32\DBGHELP.DLL
0x00007ff9b0530000 - 0x00007ff9b0564000 	C:\windows\SYSTEM32\dbgcore.DLL
0x00007ff9c9270000 - 0x00007ff9c92f2000 	C:\windows\System32\bcryptPrimitives.dll
0x00007ff9a9c80000 - 0x00007ff9a9ca5000 	C:\Program Files\Java\jdk-17\bin\java.dll
0x00007ff97a8f0000 - 0x00007ff97a9c7000 	C:\Program Files\Java\jdk-17\bin\jsvml.dll
0x00007ff9cabf0000 - 0x00007ff9cb334000 	C:\windows\System32\SHELL32.dll
0x00007ff9c2f40000 - 0x00007ff9c36d3000 	C:\windows\SYSTEM32\windows.storage.dll
0x00007ff9c9970000 - 0x00007ff9c9cc4000 	C:\windows\System32\combase.dll
0x00007ff9c8740000 - 0x00007ff9c876e000 	C:\windows\SYSTEM32\Wldp.dll
0x00007ff9c9630000 - 0x00007ff9c96dd000 	C:\windows\System32\SHCORE.dll
0x00007ff9c98e0000 - 0x00007ff9c9935000 	C:\windows\System32\shlwapi.dll
0x00007ff9c8c20000 - 0x00007ff9c8c3f000 	C:\windows\SYSTEM32\profapi.dll
0x00007ff9a57f0000 - 0x00007ff9a5809000 	C:\Program Files\Java\jdk-17\bin\net.dll
0x00007ff9bfdf0000 - 0x00007ff9bfefa000 	C:\windows\SYSTEM32\WINHTTP.dll
0x00007ff9c84a0000 - 0x00007ff9c850a000 	C:\windows\system32\mswsock.dll
0x00007ff9a57d0000 - 0x00007ff9a57e6000 	C:\Program Files\Java\jdk-17\bin\nio.dll
0x00007ff9a57b0000 - 0x00007ff9a57c8000 	C:\Program Files\Java\jdk-17\bin\zip.dll
0x00007ff9af210000 - 0x00007ff9af21a000 	C:\Program Files\Java\jdk-17\bin\management.dll
0x00007ff9aa4a0000 - 0x00007ff9aa4ab000 	C:\Program Files\Java\jdk-17\bin\management_ext.dll
0x00007ff9a29f0000 - 0x00007ff9a2a07000 	C:\windows\system32\napinsp.dll
0x00007ff9a29d0000 - 0x00007ff9a29eb000 	C:\windows\system32\pnrpnsp.dll
0x00007ff9a29b0000 - 0x00007ff9a29c5000 	C:\windows\system32\wshbth.dll
0x00007ff9c0570000 - 0x00007ff9c058d000 	C:\windows\system32\NLAapi.dll
0x00007ff9c8140000 - 0x00007ff9c817c000 	C:\windows\SYSTEM32\IPHLPAPI.DLL
0x00007ff9c8180000 - 0x00007ff9c824b000 	C:\windows\SYSTEM32\DNSAPI.dll
0x00007ff9cabe0000 - 0x00007ff9cabe8000 	C:\windows\System32\NSI.dll
0x00007ff9a2990000 - 0x00007ff9a29a2000 	C:\windows\System32\winrnr.dll
0x0000000050590000 - 0x00000000505b6000 	C:\Program Files\Bonjour\mdnsNSP.dll
0x00007ff9bc0c0000 - 0x00007ff9bc0ca000 	C:\Windows\System32\rasadhlp.dll
0x00007ff9ba4d0000 - 0x00007ff9ba550000 	C:\windows\System32\fwpuclnt.dll
0x00007ff9c9240000 - 0x00007ff9c9267000 	C:\windows\System32\bcrypt.dll

dbghelp: loaded successfully - version: 4.0.5 - missing functions: none
symbol engine: initialized successfully - sym options: 0x614 - pdb path: .;C:\Program Files\Java\jdk-17\bin;C:\windows\SYSTEM32;C:\Program Files\Norton Security\NortonData\22.21.1.151\Definitions\IPSDefs\20230424.061;C:\windows\WinSxS\amd64_microsoft.windows.common-controls_6595b64144ccf1df_6.0.19041.1110_none_60b5254171f9507e;C:\Program Files\Java\jdk-17\bin\server;C:\Program Files\Bonjour

VM Arguments:
jvm_args: -Dfile.encoding=UTF-8 -XX:+ShowCodeDetailsInExceptionMessages 
java_command: firstmaven.ReadingExcelFile.DataDriven
java_class_path (initial): D:\Training\EclipseProject\ReadingExcelFile\target\test-classes;D:\Training\EclipseProject\ReadingExcelFile\target\classes;C:\Users\abhay\.m2\repository\org\seleniumhq\selenium\selenium-java\4.7.2\selenium-java-4.7.2.jar;C:\Users\abhay\.m2\repository\org\seleniumhq\selenium\selenium-api\4.7.2\selenium-api-4.7.2.jar;C:\Users\abhay\.m2\repository\org\seleniumhq\selenium\selenium-chrome-driver\4.7.2\selenium-chrome-driver-4.7.2.jar;C:\Users\abhay\.m2\repository\com\google\auto\service\auto-service-annotations\1.0.1\auto-service-annotations-1.0.1.jar;C:\Users\abhay\.m2\repository\com\google\auto\service\auto-service\1.0.1\auto-service-1.0.1.jar;C:\Users\abhay\.m2\repository\com\google\auto\auto-common\1.2\auto-common-1.2.jar;C:\Users\abhay\.m2\repository\com\google\guava\guava\31.1-jre\guava-31.1-jre.jar;C:\Users\abhay\.m2\repository\com\google\guava\failureaccess\1.0.1\failureaccess-1.0.1.jar;C:\Users\abhay\.m2\repository\com\google\guava\listenablefuture\9999.0-empty-to-avoid-conflict-with-guava\listenablefuture-9999.0-empty-to-avoid-conflict-with-guava.jar;C:\Users\abhay\.m2\repository\org\checkerframework\checker-qual\3.12.0\checker-qual-3.12.0.jar;C:\Users\abhay\.m2\repository\com\google\errorprone\error_prone_annotations\2.11.0\error_prone_annotations-2.11.0.jar;C:\Users\abhay\.m2\repository\com\google\j2objc\j2objc-annotations\1.3\j2objc-annotations-1.3.jar;C:\Users\abhay\.m2\repository\org\seleniumhq\selenium\selenium-chromium-driver\4.7.2\selenium-chromium-driver-4.7.2.jar;C:\Users\abhay\.m2\repository\org\seleniumhq\selenium\selenium-json\4.7.2\selenium-json-4.7.2.jar;C:\Users\abhay\.m2\repository\org\seleniumhq\selenium\selenium-devtools-v106\4.7.2\selenium-devtools-v106-4.7.2.jar;C:\Users\abhay\.m2\repository\org\seleniumhq\selenium\selenium-devtools-v107\4.7.2\selenium-devtools-v107-4.7.2.jar;C:\Users\abhay\.m2\repository\org\seleniumhq\selenium\selenium-devtools-v108\4.7.2\selenium-devtools-v108-4.7.2.jar;C:\Users\abhay\.m2\rep
Launcher Type: SUN_STANDARD

[Global flags]
     intx CICompilerCount                          = 4                                         {product} {ergonomic}
     uint ConcGCThreads                            = 2                                         {product} {ergonomic}
     uint G1ConcRefinementThreads                  = 8                                         {product} {ergonomic}
   size_t G1HeapRegionSize                         = 4194304                                   {product} {ergonomic}
    uintx GCDrainStackTargetSize                   = 64                                        {product} {ergonomic}
   size_t InitialHeapSize                          = 402653184                                 {product} {ergonomic}
   size_t MarkStackSize                            = 4194304                                   {product} {ergonomic}
   size_t MaxHeapSize                              = 6383730688                                {product} {ergonomic}
   size_t MaxNewSize                               = 3829399552                                {product} {ergonomic}
   size_t MinHeapDeltaBytes                        = 4194304                                   {product} {ergonomic}
   size_t MinHeapSize                              = 8388608                                   {product} {ergonomic}
    uintx NonNMethodCodeHeapSize                   = 5839372                                {pd product} {ergonomic}
    uintx NonProfiledCodeHeapSize                  = 122909434                              {pd product} {ergonomic}
    uintx ProfiledCodeHeapSize                     = 122909434                              {pd product} {ergonomic}
    uintx ReservedCodeCacheSize                    = 251658240                              {pd product} {ergonomic}
     bool SegmentedCodeCache                       = true                                      {product} {ergonomic}
     bool ShowCodeDetailsInExceptionMessages       = true                                   {manageable} {command line}
   size_t SoftMaxHeapSize                          = 6383730688                             {manageable} {ergonomic}
     bool UseCompressedClassPointers               = true                           {product lp64_product} {ergonomic}
     bool UseCompressedOops                        = true                           {product lp64_product} {ergonomic}
     bool UseG1GC                                  = true                                      {product} {ergonomic}
     bool UseLargePagesIndividualAllocation        = false                                  {pd product} {ergonomic}

Logging:
Log output configuration:
 #0: stdout all=warning uptime,level,tags
 #1: stderr all=off uptime,level,tags

Environment Variables:
JAVA_HOME=C:\Program Files\Java\jdk-17
PATH=C:\Program Files\Common Files\Oracle\Java\javapath;C:\windows\system32;C:\windows;C:\windows\System32\Wbem;C:\windows\System32\WindowsPowerShell\v1.0\;C:\windows\System32\OpenSSH\;"C:\Program Files (x86)\NVIDIA Corporation\PhysX\Common;c:\gs";C:\Program Files\NVIDIA Corporation\NVIDIA NvDLISR;c:\gs;C:\Program Files (x86)\Microsoft Visual Studio\Shared\Python37_64;C:\Program Files\Git\cmd;C:\Android;C:\Windows\System32;D:\Training\Appium\commandlinetools-AndroidSDK\platform-tools\;D:\putty\;C:\Program Files\nodejs\;C:\Program Files (x86)\Common Files\Acronis\SnapAPI\;C:\Program Files (x86)\Common Files\Acronis\VirtualFile\;C:\Program Files (x86)\Common Files\Acronis\VirtualFile64\;C:\Program Files\Kubernetes\Minikube;C:\Program Files\Docker\Docker\resources\bin;C:\Program Files\Java\jdk-17\bin;C:\Program Files\Maven\apache-maven-3.9.1\bin;C:\Users\abhay\AppData\Local\Programs\Python\Python39\Scripts\;C:\Users\abhay\AppData\Local\Programs\Python\Python39\;C:\Users\abhay\scoop\shims;"C:\Users\abhay\AppData\Local\Microsoft\WindowsApps;c:\gs";C:\Program Files\JetBrains\PyCharm Community Edition 2021.1\bin;C:\Program Files\JetBrains\IntelliJ IDEA Community Edition 2022.1\bin;;C:\Users\abhay\AppData\Roaming\npm;C:\Sarita\Kube;C:\Users\abhay\AppData\Roaming\Microsoft\Windows\Start Menu\Programs\Kubernetes;C:\ProgramData\Microsoft\Windows\Start Menu;
USERNAME=abhay
OS=Windows_NT
PROCESSOR_IDENTIFIER=Intel64 Family 6 Model 140 Stepping 1, GenuineIntel



---------------  S Y S T E M  ---------------

OS:
 Windows 10 , 64 bit Build 19041 (10.0.19041.2788)
OS uptime: 8 days 2:29 hours
Hyper-V role detected

CPU: total 8 (initial active 8) (4 cores per cpu, 2 threads per core) family 6 model 140 stepping 1 microcode 0xa4, cx8, cmov, fxsr, ht, mmx, 3dnowpref, sse, sse2, sse3, ssse3, sse4.1, sse4.2, popcnt, lzcnt, tsc, tscinvbit, avx, avx2, aes, erms, clmul, bmi1, bmi2, adx, avx512f, avx512dq, avx512cd, avx512bw, avx512vl, sha, fma, vzeroupper, avx512_vpopcntdq, avx512_vpclmulqdq, avx512_vaes, avx512_vnni, clflush, clflushopt, clwb, avx512_vbmi2, avx512_vbmi, hv

Memory: 4k page, system-wide physical 24341M (12385M free)
TotalPageFile size 26341M (AvailPageFile size 5M)
current process WorkingSet (physical memory assigned to process): 86M, peak: 86M
current process commit charge ("private bytes"): 500M, peak: 500M

vm_info: Java HotSpot(TM) 64-Bit Server VM (17.0.6+9-LTS-190) for windows-amd64 JRE (17.0.6+9-LTS-190), built on Dec  6 2022 15:53:54 by "mach5one" with MS VC++ 17.1 (VS2022)

END.
