#
# There is insufficient memory for the Java Runtime Environment to continue.
# Native memory allocation (malloc) failed to allocate 32744 bytes for ChunkPool::allocate
# Possible reasons:
#   The system is out of physical RAM or swap space
#   The process is running with CompressedOops enabled, and the Java Heap may be blocking the growth of the native heap
# Possible solutions:
#   Reduce memory load on the system
#   Increase physical memory or swap space
#   Check if swap backing store is full
#   Decrease Java heap size (-Xmx/-Xms)
#   Decrease number of Java threads
#   Decrease Java thread stack sizes (-Xss)
#   Set larger code cache with -XX:ReservedCodeCacheSize=
#   JVM is running with Zero Based Compressed Oops mode in which the Java heap is
#     placed in the first 32GB address space. The Java Heap base address is the
#     maximum limit for the native heap growth. Please use -XX:HeapBaseMinAddress
#     to set the Java Heap base and to place the Java Heap above 32GB virtual address.
# This output file may be truncated or incomplete.
#
#  Out of Memory Error (arena.cpp:78), pid=21092, tid=14916
#
# JRE version: Java(TM) SE Runtime Environment (17.0.6+9) (build 17.0.6+9-LTS-190)
# Java VM: Java HotSpot(TM) 64-Bit Server VM (17.0.6+9-LTS-190, mixed mode, sharing, tiered, compressed oops, compressed class ptrs, g1 gc, windows-amd64)
# No core dump will be written. Minidumps are not enabled by default on client versions of Windows
#

---------------  S U M M A R Y ------------

Command Line: -Dfile.encoding=UTF-8 -XX:+ShowCodeDetailsInExceptionMessages firstmaven.ReadingExcelFile.DataDriven

Host: 11th Gen Intel(R) Core(TM) i7-1165G7 @ 2.80GHz, 8 cores, 23G,  Windows 10 , 64 bit Build 19041 (10.0.19041.2788)
Time: Tue Apr 25 11:29:45 2023 Eastern Daylight Time elapsed time: 0.472254 seconds (0d 0h 0m 0s)

---------------  T H R E A D  ---------------

Current thread (0x0000020c1e863620):  JavaThread "C1 CompilerThread0" daemon [_thread_in_native, id=14916, stack(0x000000e157700000,0x000000e157800000)]


Current CompileTask:
C1:    472  378       3       java.net.URLStreamHandler::parseURL (1201 bytes)

Stack: [0x000000e157700000,0x000000e157800000]
Native frames: (J=compiled Java code, j=interpreted, Vv=VM code, C=native code)
V  [jvm.dll+0x6734ea]
V  [jvm.dll+0x7d18f4]
V  [jvm.dll+0x7d309e]
V  [jvm.dll+0x7d3703]
V  [jvm.dll+0x2433c5]
V  [jvm.dll+0xaa6c0]
V  [jvm.dll+0xaaa0c]
V  [jvm.dll+0x11a915]
V  [jvm.dll+0x177761]
V  [jvm.dll+0x177d53]
V  [jvm.dll+0x132d23]
V  [jvm.dll+0x13262f]
V  [jvm.dll+0x132868]
V  [jvm.dll+0x131d01]
V  [jvm.dll+0x1339ad]
V  [jvm.dll+0x224b6e]
V  [jvm.dll+0x222f15]
V  [jvm.dll+0x78753c]
V  [jvm.dll+0x781a7a]
V  [jvm.dll+0x672375]
C  [ucrtbase.dll+0x21bb2]
C  [KERNEL32.DLL+0x17604]
C  [ntdll.dll+0x526a1]


---------------  P R O C E S S  ---------------

Threads class SMR info:
_java_thread_list=0x0000020c1e961130, length=13, elements={
0x0000020c7659a7b0, 0x0000020c7fe1c8c0, 0x0000020c7fe23160, 0x0000020c1e803680,
0x0000020c1e804140, 0x0000020c1e808c10, 0x0000020c1e8095c0, 0x0000020c1e80a350,
0x0000020c1e863620, 0x0000020c1e88bc40, 0x0000020c1e949db0, 0x0000020c1e954380,
0x0000020c1ea642a0
}

Java Threads: ( => current thread )
  0x0000020c7659a7b0 JavaThread "main" [_thread_in_Java, id=11628, stack(0x000000e156900000,0x000000e156a00000)]
  0x0000020c7fe1c8c0 JavaThread "Reference Handler" daemon [_thread_blocked, id=20192, stack(0x000000e157000000,0x000000e157100000)]
  0x0000020c7fe23160 JavaThread "Finalizer" daemon [_thread_blocked, id=19104, stack(0x000000e157100000,0x000000e157200000)]
  0x0000020c1e803680 JavaThread "Signal Dispatcher" daemon [_thread_blocked, id=22812, stack(0x000000e157200000,0x000000e157300000)]
  0x0000020c1e804140 JavaThread "Attach Listener" daemon [_thread_blocked, id=3808, stack(0x000000e157300000,0x000000e157400000)]
  0x0000020c1e808c10 JavaThread "Service Thread" daemon [_thread_blocked, id=9408, stack(0x000000e157400000,0x000000e157500000)]
  0x0000020c1e8095c0 JavaThread "Monitor Deflation Thread" daemon [_thread_blocked, id=22484, stack(0x000000e157500000,0x000000e157600000)]
  0x0000020c1e80a350 JavaThread "C2 CompilerThread0" daemon [_thread_blocked, id=23432, stack(0x000000e157600000,0x000000e157700000)]
=>0x0000020c1e863620 JavaThread "C1 CompilerThread0" daemon [_thread_in_native, id=14916, stack(0x000000e157700000,0x000000e157800000)]
  0x0000020c1e88bc40 JavaThread "Sweeper thread" daemon [_thread_blocked, id=14452, stack(0x000000e157800000,0x000000e157900000)]
  0x0000020c1e949db0 JavaThread "Notification Thread" daemon [_thread_blocked, id=8988, stack(0x000000e157900000,0x000000e157a00000)]
  0x0000020c1e954380 JavaThread "Common-Cleaner" daemon [_thread_blocked, id=6804, stack(0x000000e157b00000,0x000000e157c00000)]
  0x0000020c1ea642a0 JavaThread "C2 CompilerThread1" daemon [_thread_in_native, id=10556, stack(0x000000e157c00000,0x000000e157d00000)]

Other Threads:
  0x0000020c7fe1a180 VMThread "VM Thread" [stack: 0x000000e156f00000,0x000000e157000000] [id=16848]
  0x0000020c1e94a690 WatcherThread [stack: 0x000000e157a00000,0x000000e157b00000] [id=21880]
  0x0000020c76622580 GCTaskThread "GC Thread#0" [stack: 0x000000e156a00000,0x000000e156b00000] [id=15220]
  0x0000020c7662f300 ConcurrentGCThread "G1 Main Marker" [stack: 0x000000e156b00000,0x000000e156c00000] [id=14388]
  0x0000020c7662fd10 ConcurrentGCThread "G1 Conc#0" [stack: 0x000000e156c00000,0x000000e156d00000] [id=6400]
  0x0000020c7fcd20b0 ConcurrentGCThread "G1 Refine#0" [stack: 0x000000e156d00000,0x000000e156e00000] [id=15728]
  0x0000020c7fcd28e0 ConcurrentGCThread "G1 Service" [stack: 0x000000e156e00000,0x000000e156f00000] [id=21560]

Threads with active compile tasks:
C1 CompilerThread0      510  378       3       java.net.URLStreamHandler::parseURL (1201 bytes)
C2 CompilerThread1      510  388  s!   4       jdk.internal.loader.URLClassPath::getLoader (194 bytes)

VM state: not at safepoint (normal execution)

VM Mutex/Monitor currently owned by a thread: None

Heap address: 0x0000000683800000, size: 6088 MB, Compressed Oops mode: Zero based, Oop shift amount: 3

CDS archive(s) mapped at: [0x0000000800000000-0x0000000800bd0000-0x0000000800bd0000), size 12386304, SharedBaseAddress: 0x0000000800000000, ArchiveRelocationMode: 0.
Compressed class space mapped at: 0x0000000800c00000-0x0000000840c00000, reserved size: 1073741824
Narrow klass base: 0x0000000800000000, Narrow klass shift: 0, Narrow klass range: 0x100000000

GC Precious Log:
 CPUs: 8 total, 8 available
 Memory: 24341M
 Large Page Support: Disabled
 NUMA Support: Disabled
 Compressed Oops: Enabled (Zero based)
 Heap Region Size: 4M
 Heap Min Capacity: 8M
 Heap Initial Capacity: 384M
 Heap Max Capacity: 6088M
 Pre-touch: Disabled
 Parallel Workers: 8
 Concurrent Workers: 2
 Concurrent Refinement Workers: 8
 Periodic GC: Disabled

Heap:
 garbage-first heap   total 393216K, used 4096K [0x0000000683800000, 0x0000000800000000)
  region size 4096K, 3 young (12288K), 0 survivors (0K)
 Metaspace       used 1381K, committed 1600K, reserved 1056768K
  class space    used 84K, committed 192K, reserved 1048576K

Heap Regions: E=young(eden), S=young(survivor), O=old, HS=humongous(starts), HC=humongous(continues), CS=collection set, F=free, OA=open archive, CA=closed archive, TAMS=top-at-mark-start (previous, next)
|   0|0x0000000683800000, 0x0000000683800000, 0x0000000683c00000|  0%| F|  |TAMS 0x0000000683800000, 0x0000000683800000| Untracked 
|   1|0x0000000683c00000, 0x0000000683c00000, 0x0000000684000000|  0%| F|  |TAMS 0x0000000683c00000, 0x0000000683c00000| Untracked 
|   2|0x0000000684000000, 0x0000000684000000, 0x0000000684400000|  0%| F|  |TAMS 0x0000000684000000, 0x0000000684000000| Untracked 
|   3|0x0000000684400000, 0x0000000684400000, 0x0000000684800000|  0%| F|  |TAMS 0x0000000684400000, 0x0000000684400000| Untracked 
|   4|0x0000000684800000, 0x0000000684800000, 0x0000000684c00000|  0%| F|  |TAMS 0x0000000684800000, 0x0000000684800000| Untracked 
|   5|0x0000000684c00000, 0x0000000684c00000, 0x0000000685000000|  0%| F|  |TAMS 0x0000000684c00000, 0x0000000684c00000| Untracked 
|   6|0x0000000685000000, 0x0000000685000000, 0x0000000685400000|  0%| F|  |TAMS 0x0000000685000000, 0x0000000685000000| Untracked 
|   7|0x0000000685400000, 0x0000000685400000, 0x0000000685800000|  0%| F|  |TAMS 0x0000000685400000, 0x0000000685400000| Untracked 
|   8|0x0000000685800000, 0x0000000685800000, 0x0000000685c00000|  0%| F|  |TAMS 0x0000000685800000, 0x0000000685800000| Untracked 
|   9|0x0000000685c00000, 0x0000000685c00000, 0x0000000686000000|  0%| F|  |TAMS 0x0000000685c00000, 0x0000000685c00000| Untracked 
|  10|0x0000000686000000, 0x0000000686000000, 0x0000000686400000|  0%| F|  |TAMS 0x0000000686000000, 0x0000000686000000| Untracked 
|  11|0x0000000686400000, 0x0000000686400000, 0x0000000686800000|  0%| F|  |TAMS 0x0000000686400000, 0x0000000686400000| Untracked 
|  12|0x0000000686800000, 0x0000000686800000, 0x0000000686c00000|  0%| F|  |TAMS 0x0000000686800000, 0x0000000686800000| Untracked 
|  13|0x0000000686c00000, 0x0000000686c00000, 0x0000000687000000|  0%| F|  |TAMS 0x0000000686c00000, 0x0000000686c00000| Untracked 
|  14|0x0000000687000000, 0x0000000687000000, 0x0000000687400000|  0%| F|  |TAMS 0x0000000687000000, 0x0000000687000000| Untracked 
|  15|0x0000000687400000, 0x0000000687400000, 0x0000000687800000|  0%| F|  |TAMS 0x0000000687400000, 0x0000000687400000| Untracked 
|  16|0x0000000687800000, 0x0000000687800000, 0x0000000687c00000|  0%| F|  |TAMS 0x0000000687800000, 0x0000000687800000| Untracked 
|  17|0x0000000687c00000, 0x0000000687c00000, 0x0000000688000000|  0%| F|  |TAMS 0x0000000687c00000, 0x0000000687c00000| Untracked 
|  18|0x0000000688000000, 0x0000000688000000, 0x0000000688400000|  0%| F|  |TAMS 0x0000000688000000, 0x0000000688000000| Untracked 
|  19|0x0000000688400000, 0x0000000688400000, 0x0000000688800000|  0%| F|  |TAMS 0x0000000688400000, 0x0000000688400000| Untracked 
|  20|0x0000000688800000, 0x0000000688800000, 0x0000000688c00000|  0%| F|  |TAMS 0x0000000688800000, 0x0000000688800000| Untracked 
|  21|0x0000000688c00000, 0x0000000688c00000, 0x0000000689000000|  0%| F|  |TAMS 0x0000000688c00000, 0x0000000688c00000| Untracked 
|  22|0x0000000689000000, 0x0000000689000000, 0x0000000689400000|  0%| F|  |TAMS 0x0000000689000000, 0x0000000689000000| Untracked 
|  23|0x0000000689400000, 0x0000000689400000, 0x0000000689800000|  0%| F|  |TAMS 0x0000000689400000, 0x0000000689400000| Untracked 
|  24|0x0000000689800000, 0x0000000689800000, 0x0000000689c00000|  0%| F|  |TAMS 0x0000000689800000, 0x0000000689800000| Untracked 
|  25|0x0000000689c00000, 0x0000000689c00000, 0x000000068a000000|  0%| F|  |TAMS 0x0000000689c00000, 0x0000000689c00000| Untracked 
|  26|0x000000068a000000, 0x000000068a000000, 0x000000068a400000|  0%| F|  |TAMS 0x000000068a000000, 0x000000068a000000| Untracked 
|  27|0x000000068a400000, 0x000000068a400000, 0x000000068a800000|  0%| F|  |TAMS 0x000000068a400000, 0x000000068a400000| Untracked 
|  28|0x000000068a800000, 0x000000068a800000, 0x000000068ac00000|  0%| F|  |TAMS 0x000000068a800000, 0x000000068a800000| Untracked 
|  29|0x000000068ac00000, 0x000000068ac00000, 0x000000068b000000|  0%| F|  |TAMS 0x000000068ac00000, 0x000000068ac00000| Untracked 
|  30|0x000000068b000000, 0x000000068b000000, 0x000000068b400000|  0%| F|  |TAMS 0x000000068b000000, 0x000000068b000000| Untracked 
|  31|0x000000068b400000, 0x000000068b400000, 0x000000068b800000|  0%| F|  |TAMS 0x000000068b400000, 0x000000068b400000| Untracked 
|  32|0x000000068b800000, 0x000000068b800000, 0x000000068bc00000|  0%| F|  |TAMS 0x000000068b800000, 0x000000068b800000| Untracked 
|  33|0x000000068bc00000, 0x000000068bc00000, 0x000000068c000000|  0%| F|  |TAMS 0x000000068bc00000, 0x000000068bc00000| Untracked 
|  34|0x000000068c000000, 0x000000068c000000, 0x000000068c400000|  0%| F|  |TAMS 0x000000068c000000, 0x000000068c000000| Untracked 
|  35|0x000000068c400000, 0x000000068c400000, 0x000000068c800000|  0%| F|  |TAMS 0x000000068c400000, 0x000000068c400000| Untracked 
|  36|0x000000068c800000, 0x000000068c800000, 0x000000068cc00000|  0%| F|  |TAMS 0x000000068c800000, 0x000000068c800000| Untracked 
|  37|0x000000068cc00000, 0x000000068cc00000, 0x000000068d000000|  0%| F|  |TAMS 0x000000068cc00000, 0x000000068cc00000| Untracked 
|  38|0x000000068d000000, 0x000000068d000000, 0x000000068d400000|  0%| F|  |TAMS 0x000000068d000000, 0x000000068d000000| Untracked 
|  39|0x000000068d400000, 0x000000068d400000, 0x000000068d800000|  0%| F|  |TAMS 0x000000068d400000, 0x000000068d400000| Untracked 
|  40|0x000000068d800000, 0x000000068d800000, 0x000000068dc00000|  0%| F|  |TAMS 0x000000068d800000, 0x000000068d800000| Untracked 
|  41|0x000000068dc00000, 0x000000068dc00000, 0x000000068e000000|  0%| F|  |TAMS 0x000000068dc00000, 0x000000068dc00000| Untracked 
|  42|0x000000068e000000, 0x000000068e000000, 0x000000068e400000|  0%| F|  |TAMS 0x000000068e000000, 0x000000068e000000| Untracked 
|  43|0x000000068e400000, 0x000000068e400000, 0x000000068e800000|  0%| F|  |TAMS 0x000000068e400000, 0x000000068e400000| Untracked 
|  44|0x000000068e800000, 0x000000068e800000, 0x000000068ec00000|  0%| F|  |TAMS 0x000000068e800000, 0x000000068e800000| Untracked 
|  45|0x000000068ec00000, 0x000000068ec00000, 0x000000068f000000|  0%| F|  |TAMS 0x000000068ec00000, 0x000000068ec00000| Untracked 
|  46|0x000000068f000000, 0x000000068f000000, 0x000000068f400000|  0%| F|  |TAMS 0x000000068f000000, 0x000000068f000000| Untracked 
|  47|0x000000068f400000, 0x000000068f400000, 0x000000068f800000|  0%| F|  |TAMS 0x000000068f400000, 0x000000068f400000| Untracked 
|  48|0x000000068f800000, 0x000000068f800000, 0x000000068fc00000|  0%| F|  |TAMS 0x000000068f800000, 0x000000068f800000| Untracked 
|  49|0x000000068fc00000, 0x000000068fc00000, 0x0000000690000000|  0%| F|  |TAMS 0x000000068fc00000, 0x000000068fc00000| Untracked 
|  50|0x0000000690000000, 0x0000000690000000, 0x0000000690400000|  0%| F|  |TAMS 0x0000000690000000, 0x0000000690000000| Untracked 
|  51|0x0000000690400000, 0x0000000690400000, 0x0000000690800000|  0%| F|  |TAMS 0x0000000690400000, 0x0000000690400000| Untracked 
|  52|0x0000000690800000, 0x0000000690800000, 0x0000000690c00000|  0%| F|  |TAMS 0x0000000690800000, 0x0000000690800000| Untracked 
|  53|0x0000000690c00000, 0x0000000690c00000, 0x0000000691000000|  0%| F|  |TAMS 0x0000000690c00000, 0x0000000690c00000| Untracked 
|  54|0x0000000691000000, 0x0000000691000000, 0x0000000691400000|  0%| F|  |TAMS 0x0000000691000000, 0x0000000691000000| Untracked 
|  55|0x0000000691400000, 0x0000000691400000, 0x0000000691800000|  0%| F|  |TAMS 0x0000000691400000, 0x0000000691400000| Untracked 
|  56|0x0000000691800000, 0x0000000691800000, 0x0000000691c00000|  0%| F|  |TAMS 0x0000000691800000, 0x0000000691800000| Untracked 
|  57|0x0000000691c00000, 0x0000000691c00000, 0x0000000692000000|  0%| F|  |TAMS 0x0000000691c00000, 0x0000000691c00000| Untracked 
|  58|0x0000000692000000, 0x0000000692000000, 0x0000000692400000|  0%| F|  |TAMS 0x0000000692000000, 0x0000000692000000| Untracked 
|  59|0x0000000692400000, 0x0000000692400000, 0x0000000692800000|  0%| F|  |TAMS 0x0000000692400000, 0x0000000692400000| Untracked 
|  60|0x0000000692800000, 0x0000000692800000, 0x0000000692c00000|  0%| F|  |TAMS 0x0000000692800000, 0x0000000692800000| Untracked 
|  61|0x0000000692c00000, 0x0000000692c00000, 0x0000000693000000|  0%| F|  |TAMS 0x0000000692c00000, 0x0000000692c00000| Untracked 
|  62|0x0000000693000000, 0x0000000693000000, 0x0000000693400000|  0%| F|  |TAMS 0x0000000693000000, 0x0000000693000000| Untracked 
|  63|0x0000000693400000, 0x0000000693400000, 0x0000000693800000|  0%| F|  |TAMS 0x0000000693400000, 0x0000000693400000| Untracked 
|  64|0x0000000693800000, 0x0000000693800000, 0x0000000693c00000|  0%| F|  |TAMS 0x0000000693800000, 0x0000000693800000| Untracked 
|  65|0x0000000693c00000, 0x0000000693c00000, 0x0000000694000000|  0%| F|  |TAMS 0x0000000693c00000, 0x0000000693c00000| Untracked 
|  66|0x0000000694000000, 0x0000000694000000, 0x0000000694400000|  0%| F|  |TAMS 0x0000000694000000, 0x0000000694000000| Untracked 
|  67|0x0000000694400000, 0x0000000694400000, 0x0000000694800000|  0%| F|  |TAMS 0x0000000694400000, 0x0000000694400000| Untracked 
|  68|0x0000000694800000, 0x0000000694800000, 0x0000000694c00000|  0%| F|  |TAMS 0x0000000694800000, 0x0000000694800000| Untracked 
|  69|0x0000000694c00000, 0x0000000694c00000, 0x0000000695000000|  0%| F|  |TAMS 0x0000000694c00000, 0x0000000694c00000| Untracked 
|  70|0x0000000695000000, 0x0000000695000000, 0x0000000695400000|  0%| F|  |TAMS 0x0000000695000000, 0x0000000695000000| Untracked 
|  71|0x0000000695400000, 0x0000000695400000, 0x0000000695800000|  0%| F|  |TAMS 0x0000000695400000, 0x0000000695400000| Untracked 
|  72|0x0000000695800000, 0x0000000695800000, 0x0000000695c00000|  0%| F|  |TAMS 0x0000000695800000, 0x0000000695800000| Untracked 
|  73|0x0000000695c00000, 0x0000000695c00000, 0x0000000696000000|  0%| F|  |TAMS 0x0000000695c00000, 0x0000000695c00000| Untracked 
|  74|0x0000000696000000, 0x0000000696000000, 0x0000000696400000|  0%| F|  |TAMS 0x0000000696000000, 0x0000000696000000| Untracked 
|  75|0x0000000696400000, 0x0000000696400000, 0x0000000696800000|  0%| F|  |TAMS 0x0000000696400000, 0x0000000696400000| Untracked 
|  76|0x0000000696800000, 0x0000000696800000, 0x0000000696c00000|  0%| F|  |TAMS 0x0000000696800000, 0x0000000696800000| Untracked 
|  77|0x0000000696c00000, 0x0000000696c00000, 0x0000000697000000|  0%| F|  |TAMS 0x0000000696c00000, 0x0000000696c00000| Untracked 
|  78|0x0000000697000000, 0x0000000697000000, 0x0000000697400000|  0%| F|  |TAMS 0x0000000697000000, 0x0000000697000000| Untracked 
|  79|0x0000000697400000, 0x0000000697400000, 0x0000000697800000|  0%| F|  |TAMS 0x0000000697400000, 0x0000000697400000| Untracked 
|  80|0x0000000697800000, 0x0000000697800000, 0x0000000697c00000|  0%| F|  |TAMS 0x0000000697800000, 0x0000000697800000| Untracked 
|  81|0x0000000697c00000, 0x0000000697c00000, 0x0000000698000000|  0%| F|  |TAMS 0x0000000697c00000, 0x0000000697c00000| Untracked 
|  82|0x0000000698000000, 0x0000000698000000, 0x0000000698400000|  0%| F|  |TAMS 0x0000000698000000, 0x0000000698000000| Untracked 
|  83|0x0000000698400000, 0x0000000698400000, 0x0000000698800000|  0%| F|  |TAMS 0x0000000698400000, 0x0000000698400000| Untracked 
|  84|0x0000000698800000, 0x0000000698800000, 0x0000000698c00000|  0%| F|  |TAMS 0x0000000698800000, 0x0000000698800000| Untracked 
|  85|0x0000000698c00000, 0x0000000698c00000, 0x0000000699000000|  0%| F|  |TAMS 0x0000000698c00000, 0x0000000698c00000| Untracked 
|  86|0x0000000699000000, 0x0000000699000000, 0x0000000699400000|  0%| F|  |TAMS 0x0000000699000000, 0x0000000699000000| Untracked 
|  87|0x0000000699400000, 0x0000000699400000, 0x0000000699800000|  0%| F|  |TAMS 0x0000000699400000, 0x0000000699400000| Untracked 
|  88|0x0000000699800000, 0x0000000699800000, 0x0000000699c00000|  0%| F|  |TAMS 0x0000000699800000, 0x0000000699800000| Untracked 
|  89|0x0000000699c00000, 0x0000000699c00000, 0x000000069a000000|  0%| F|  |TAMS 0x0000000699c00000, 0x0000000699c00000| Untracked 
|  90|0x000000069a000000, 0x000000069a000000, 0x000000069a400000|  0%| F|  |TAMS 0x000000069a000000, 0x000000069a000000| Untracked 
|  91|0x000000069a400000, 0x000000069a400000, 0x000000069a800000|  0%| F|  |TAMS 0x000000069a400000, 0x000000069a400000| Untracked 
|  92|0x000000069a800000, 0x000000069a800000, 0x000000069ac00000|  0%| F|  |TAMS 0x000000069a800000, 0x000000069a800000| Untracked 
|  93|0x000000069ac00000, 0x000000069afd53d8, 0x000000069b000000| 95%| E|  |TAMS 0x000000069ac00000, 0x000000069ac00000| Complete 
|  94|0x000000069b000000, 0x000000069b400000, 0x000000069b400000|100%| E|  |TAMS 0x000000069b000000, 0x000000069b000000| Complete 
|  95|0x000000069b400000, 0x000000069b800000, 0x000000069b800000|100%| E|CS|TAMS 0x000000069b400000, 0x000000069b400000| Complete 

Card table byte_map: [0x0000020c7ed10000,0x0000020c7f900000] _byte_map_base: 0x0000020c7b8f4000

Marking Bits (Prev, Next): (CMBitMap*) 0x0000020c76622b90, (CMBitMap*) 0x0000020c76622bd0
 Prev Bits: [0x0000020c0fbf0000, 0x0000020c15b10000)
 Next Bits: [0x0000020c15b10000, 0x0000020c1ba30000)

Polling page: 0x0000020c744c0000

Metaspace:

Usage:
  Non-class:      1.27 MB used.
      Class:     84.21 KB used.
       Both:      1.35 MB used.

Virtual space:
  Non-class space:        8.00 MB reserved,       1.38 MB ( 17%) committed,  1 nodes.
      Class space:        1.00 GB reserved,     192.00 KB ( <1%) committed,  1 nodes.
             Both:        1.01 GB reserved,       1.56 MB ( <1%) committed. 

Chunk freelists:
   Non-Class:  3.17 MB
       Class:  3.67 MB
        Both:  6.84 MB

MaxMetaspaceSize: unlimited
CompressedClassSpaceSize: 1.00 GB
Initial GC threshold: 21.00 MB
Current GC threshold: 21.00 MB
CDS: on
MetaspaceReclaimPolicy: balanced
 - commit_granule_bytes: 65536.
 - commit_granule_words: 8192.
 - virtual_space_node_default_size: 1048576.
 - enlarge_chunks_in_place: 1.
 - new_chunks_are_fully_committed: 0.
 - uncommit_free_chunks: 1.
 - use_allocation_guard: 0.
 - handle_deallocations: 1.


Internal statistics:

num_allocs_failed_limit: 0.
num_arena_births: 4.
num_arena_deaths: 0.
num_vsnodes_births: 2.
num_vsnodes_deaths: 0.
num_space_committed: 25.
num_space_uncommitted: 0.
num_chunks_returned_to_freelist: 0.
num_chunks_taken_from_freelist: 42.
num_chunk_merges: 0.
num_chunk_splits: 28.
num_chunks_enlarged: 22.
num_purges: 0.
num_inconsistent_stats: 0.

CodeHeap 'non-profiled nmethods': size=120000Kb used=132Kb max_used=132Kb free=119867Kb
 bounds [0x0000020c07ad0000, 0x0000020c07d40000, 0x0000020c0f000000]
CodeHeap 'profiled nmethods': size=120000Kb used=607Kb max_used=607Kb free=119392Kb
 bounds [0x0000020c00000000, 0x0000020c00270000, 0x0000020c07530000]
CodeHeap 'non-nmethods': size=5760Kb used=1077Kb max_used=1099Kb free=4682Kb
 bounds [0x0000020c07530000, 0x0000020c077a0000, 0x0000020c07ad0000]
 total_blobs=713 nmethods=385 adapters=241
 compilation: enabled
              stopped_count=0, restarted_count=0
 full_count=0

Compilation events (20 events):
Event: 0.447 Thread 0x0000020c1e863620 nmethod 372 0x0000020c00095c10 code [0x0000020c00095de0, 0x0000020c00096048]
Event: 0.451 Thread 0x0000020c1ea642a0 nmethod 364 0x0000020c07aead90 code [0x0000020c07aeaf20, 0x0000020c07aeb218]
Event: 0.451 Thread 0x0000020c1ea642a0  373       4       java.util.zip.ZipCoder::hash (36 bytes)
Event: 0.452 Thread 0x0000020c1e80a350 nmethod 363 0x0000020c07aeb410 code [0x0000020c07aeb600, 0x0000020c07aebfa0]
Event: 0.452 Thread 0x0000020c1e80a350  374   !   4       java.util.zip.ZipFile::getEntry (59 bytes)
Event: 0.455 Thread 0x0000020c1e863620  377       3       sun.net.www.protocol.file.Handler::parseURL (18 bytes)
Event: 0.456 Thread 0x0000020c1e863620 nmethod 377 0x0000020c00096110 code [0x0000020c000962c0, 0x0000020c00096478]
Event: 0.456 Thread 0x0000020c1e863620  380       3       java.lang.StringConcatHelper::mix (27 bytes)
Event: 0.456 Thread 0x0000020c1e863620 nmethod 380 0x0000020c00096590 code [0x0000020c00096760, 0x0000020c00096b88]
Event: 0.456 Thread 0x0000020c1e863620  381       3       java.lang.StringConcatHelper::checkOverflow (17 bytes)
Event: 0.456 Thread 0x0000020c1e863620 nmethod 381 0x0000020c00096d90 code [0x0000020c00096f40, 0x0000020c00097128]
Event: 0.456 Thread 0x0000020c1e863620  382       3       java.lang.StringConcatHelper::prepend (37 bytes)
Event: 0.456 Thread 0x0000020c1e863620 nmethod 382 0x0000020c00097210 code [0x0000020c000973e0, 0x0000020c000976b8]
Event: 0.456 Thread 0x0000020c1e863620  383       3       java.lang.String::getBytes (44 bytes)
Event: 0.457 Thread 0x0000020c1e863620 nmethod 383 0x0000020c00097810 code [0x0000020c000979e0, 0x0000020c00097cf8]
Event: 0.457 Thread 0x0000020c1e863620  378       3       java.net.URLStreamHandler::parseURL (1201 bytes)
Event: 0.457 Thread 0x0000020c1ea642a0 nmethod 373 0x0000020c07aec890 code [0x0000020c07aeca20, 0x0000020c07aecd08]
Event: 0.457 Thread 0x0000020c1ea642a0  379 %     4       java.lang.StringLatin1::indexOf @ 30 (121 bytes)
Event: 0.464 Thread 0x0000020c1ea642a0 nmethod 379% 0x0000020c07aecf90 code [0x0000020c07aed120, 0x0000020c07aed4b8]
Event: 0.464 Thread 0x0000020c1ea642a0  388  s!   4       jdk.internal.loader.URLClassPath::getLoader (194 bytes)

GC Heap History (0 events):
No events

Deoptimization events (20 events):
Event: 0.252 Thread 0x0000020c7659a7b0 Uncommon trap: trap_request=0xffffff45 fr.pc=0x0000020c07ad12f8 relative=0x0000000000000078
Event: 0.252 Thread 0x0000020c7659a7b0 Uncommon trap: reason=unstable_if action=reinterpret pc=0x0000020c07ad12f8 method=java.lang.String.isLatin1()Z @ 10 c2
Event: 0.252 Thread 0x0000020c7659a7b0 DEOPT PACKING pc=0x0000020c07ad12f8 sp=0x000000e1569fef50
Event: 0.252 Thread 0x0000020c7659a7b0 DEOPT UNPACKING pc=0x0000020c07585ba3 sp=0x000000e1569fee90 mode 2
Event: 0.310 Thread 0x0000020c7659a7b0 DEOPT PACKING pc=0x0000020c00009d67 sp=0x000000e1569fa740
Event: 0.310 Thread 0x0000020c7659a7b0 DEOPT UNPACKING pc=0x0000020c075866e3 sp=0x000000e1569f9b60 mode 0
Event: 0.350 Thread 0x0000020c7659a7b0 Uncommon trap: trap_request=0xffffff45 fr.pc=0x0000020c07ad8e14 relative=0x0000000000000174
Event: 0.350 Thread 0x0000020c7659a7b0 Uncommon trap: reason=unstable_if action=reinterpret pc=0x0000020c07ad8e14 method=java.util.zip.ZipFile$Source.isMetaName([BII)Z @ 43 c2
Event: 0.350 Thread 0x0000020c7659a7b0 DEOPT PACKING pc=0x0000020c07ad8e14 sp=0x000000e1569fa550
Event: 0.350 Thread 0x0000020c7659a7b0 DEOPT UNPACKING pc=0x0000020c07585ba3 sp=0x000000e1569fa4f8 mode 2
Event: 0.383 Thread 0x0000020c7659a7b0 DEOPT PACKING pc=0x0000020c00031956 sp=0x000000e1569fa1d0
Event: 0.383 Thread 0x0000020c7659a7b0 DEOPT UNPACKING pc=0x0000020c075866e3 sp=0x000000e1569f9670 mode 0
Event: 0.386 Thread 0x0000020c7659a7b0 DEOPT PACKING pc=0x0000020c000413b4 sp=0x000000e1569fa760
Event: 0.386 Thread 0x0000020c7659a7b0 DEOPT UNPACKING pc=0x0000020c075866e3 sp=0x000000e1569f9bf8 mode 0
Event: 0.432 Thread 0x0000020c7659a7b0 DEOPT PACKING pc=0x0000020c0004ac68 sp=0x000000e1569fd0d0
Event: 0.432 Thread 0x0000020c7659a7b0 DEOPT UNPACKING pc=0x0000020c075866e3 sp=0x000000e1569fc560 mode 0
Event: 0.432 Thread 0x0000020c7659a7b0 DEOPT PACKING pc=0x0000020c0004ac68 sp=0x000000e1569fd0d0
Event: 0.432 Thread 0x0000020c7659a7b0 DEOPT UNPACKING pc=0x0000020c075866e3 sp=0x000000e1569fc560 mode 0
Event: 0.433 Thread 0x0000020c7659a7b0 DEOPT PACKING pc=0x0000020c0004ac68 sp=0x000000e1569fd690
Event: 0.433 Thread 0x0000020c7659a7b0 DEOPT UNPACKING pc=0x0000020c075866e3 sp=0x000000e1569fcb20 mode 0

Classes unloaded (0 events):
No events

Classes redefined (0 events):
No events

Internal exceptions (0 events):
No events

VM Operations (4 events):
Event: 0.286 Executing VM operation: HandshakeAllThreads
Event: 0.286 Executing VM operation: HandshakeAllThreads done
Event: 0.391 Executing VM operation: HandshakeAllThreads
Event: 0.391 Executing VM operation: HandshakeAllThreads done

Events (20 events):
Event: 0.315 loading class java/util/Vector
Event: 0.316 loading class java/util/Vector done
Event: 0.317 Thread 0x0000020c1ea642a0 Thread added: 0x0000020c1ea642a0
Event: 0.391 loading class java/io/FileNotFoundException
Event: 0.391 loading class java/io/FileNotFoundException done
Event: 0.402 loading class java/lang/IllegalStateException
Event: 0.402 loading class java/lang/IllegalStateException done
Event: 0.424 loading class java/lang/NumberFormatException
Event: 0.424 loading class java/lang/NumberFormatException done
Event: 0.436 loading class java/lang/UnsupportedOperationException
Event: 0.436 loading class java/lang/UnsupportedOperationException done
Event: 0.449 loading class java/lang/IllegalAccessException
Event: 0.449 loading class java/lang/IllegalAccessException done
Event: 0.450 loading class java/lang/InstantiationException
Event: 0.450 loading class java/lang/InstantiationException done
Event: 0.452 loading class java/util/concurrent/locks/ReadWriteLock
Event: 0.452 loading class java/util/concurrent/locks/ReadWriteLock done
Event: 0.459 loading class java/lang/SecurityException
Event: 0.459 loading class java/lang/SecurityException done
Event: 0.464 Loaded shared library C:\Program Files\Java\jdk-17\bin\jimage.dll


Dynamic libraries:
0x00007ff6dcc00000 - 0x00007ff6dcc10000 	C:\Program Files\Java\jdk-17\bin\javaw.exe
0x00007ff9cb5d0000 - 0x00007ff9cb7c8000 	C:\windows\SYSTEM32\ntdll.dll
0x00007ff9c9d30000 - 0x00007ff9c9def000 	C:\windows\System32\KERNEL32.DLL
0x00007ff9c8f60000 - 0x00007ff9c923a000 	C:\windows\System32\KERNELBASE.dll
0x0000000077540000 - 0x0000000077871000 	C:\Program Files\Norton Security\NortonData\22.21.1.151\Definitions\IPSDefs\20230424.061\IPSEng64.dll
0x00007ff9ca1e0000 - 0x00007ff9ca28e000 	C:\windows\System32\ADVAPI32.dll
0x00007ff9cab40000 - 0x00007ff9cabde000 	C:\windows\System32\msvcrt.dll
0x00007ff9c9df0000 - 0x00007ff9c9e8c000 	C:\windows\System32\sechost.dll
0x00007ff9ca290000 - 0x00007ff9ca3b6000 	C:\windows\System32\RPCRT4.dll
0x00007ff9caa10000 - 0x00007ff9caa18000 	C:\windows\System32\PSAPI.DLL
0x00007ff9c93a0000 - 0x00007ff9c94a0000 	C:\windows\System32\ucrtbase.dll
0x00007ff9a9cb0000 - 0x00007ff9a9cc8000 	C:\Program Files\Java\jdk-17\bin\jli.dll
0x00007ff9c9740000 - 0x00007ff9c98dd000 	C:\windows\System32\USER32.dll
0x00007ff9c94a0000 - 0x00007ff9c94c2000 	C:\windows\System32\win32u.dll
0x00007ff9c9940000 - 0x00007ff9c996b000 	C:\windows\System32\GDI32.dll
0x00007ff9c8e50000 - 0x00007ff9c8f60000 	C:\windows\System32\gdi32full.dll
0x00007ff9c9300000 - 0x00007ff9c939d000 	C:\windows\System32\msvcp_win.dll
0x00007ff9bf400000 - 0x00007ff9bf41b000 	C:\Program Files\Java\jdk-17\bin\VCRUNTIME140.dll
0x00007ff9aabe0000 - 0x00007ff9aae7a000 	C:\windows\WinSxS\amd64_microsoft.windows.common-controls_6595b64144ccf1df_6.0.19041.1110_none_60b5254171f9507e\COMCTL32.dll
0x00007ff9bc8f0000 - 0x00007ff9bc8fa000 	C:\windows\SYSTEM32\VERSION.dll
0x00007ff9c9cd0000 - 0x00007ff9c9d00000 	C:\windows\System32\IMM32.DLL
0x00007ff9c0750000 - 0x00007ff9c075c000 	C:\Program Files\Java\jdk-17\bin\vcruntime140_1.dll
0x00007ff988870000 - 0x00007ff9888fe000 	C:\Program Files\Java\jdk-17\bin\msvcp140.dll
0x00007ff955140000 - 0x00007ff955d17000 	C:\Program Files\Java\jdk-17\bin\server\jvm.dll
0x00007ff9bf520000 - 0x00007ff9bf529000 	C:\windows\SYSTEM32\WSOCK32.dll
0x00007ff9ca170000 - 0x00007ff9ca1db000 	C:\windows\System32\WS2_32.dll
0x00007ff9a9b60000 - 0x00007ff9a9b87000 	C:\windows\SYSTEM32\WINMM.dll
0x00007ff9c7550000 - 0x00007ff9c7562000 	C:\windows\SYSTEM32\kernel.appcore.dll
0x00007ff9bf3f0000 - 0x00007ff9bf3fa000 	C:\Program Files\Java\jdk-17\bin\jimage.dll
0x00007ff9c7040000 - 0x00007ff9c7224000 	C:\windows\SYSTEM32\DBGHELP.DLL
0x00007ff9b0530000 - 0x00007ff9b0564000 	C:\windows\SYSTEM32\dbgcore.DLL
0x00007ff9c9270000 - 0x00007ff9c92f2000 	C:\windows\System32\bcryptPrimitives.dll
0x00007ff9a9c80000 - 0x00007ff9a9ca5000 	C:\Program Files\Java\jdk-17\bin\java.dll
0x00007ff97a8f0000 - 0x00007ff97a9c7000 	C:\Program Files\Java\jdk-17\bin\jsvml.dll
0x00007ff9cabf0000 - 0x00007ff9cb334000 	C:\windows\System32\SHELL32.dll
0x00007ff9c2f40000 - 0x00007ff9c36d3000 	C:\windows\SYSTEM32\windows.storage.dll
0x00007ff9c9970000 - 0x00007ff9c9cc4000 	C:\windows\System32\combase.dll
0x00007ff9c8740000 - 0x00007ff9c876e000 	C:\windows\SYSTEM32\Wldp.dll
0x00007ff9c9630000 - 0x00007ff9c96dd000 	C:\windows\System32\SHCORE.dll
0x00007ff9c98e0000 - 0x00007ff9c9935000 	C:\windows\System32\shlwapi.dll
0x00007ff9c8c20000 - 0x00007ff9c8c3f000 	C:\windows\SYSTEM32\profapi.dll
0x00007ff9a57f0000 - 0x00007ff9a5809000 	C:\Program Files\Java\jdk-17\bin\net.dll
0x00007ff9bfdf0000 - 0x00007ff9bfefa000 	C:\windows\SYSTEM32\WINHTTP.dll
0x00007ff9c84a0000 - 0x00007ff9c850a000 	C:\windows\system32\mswsock.dll
0x00007ff9a57d0000 - 0x00007ff9a57e6000 	C:\Program Files\Java\jdk-17\bin\nio.dll
0x00007ff9a57b0000 - 0x00007ff9a57c8000 	C:\Program Files\Java\jdk-17\bin\zip.dll

dbghelp: loaded successfully - version: 4.0.5 - missing functions: none
symbol engine: initialized successfully - sym options: 0x614 - pdb path: .;C:\Program Files\Java\jdk-17\bin;C:\windows\SYSTEM32;C:\Program Files\Norton Security\NortonData\22.21.1.151\Definitions\IPSDefs\20230424.061;C:\windows\WinSxS\amd64_microsoft.windows.common-controls_6595b64144ccf1df_6.0.19041.1110_none_60b5254171f9507e;C:\Program Files\Java\jdk-17\bin\server

VM Arguments:
jvm_args: -Dfile.encoding=UTF-8 -XX:+ShowCodeDetailsInExceptionMessages 
java_command: firstmaven.ReadingExcelFile.DataDriven
java_class_path (initial): D:\Training\EclipseProject\ReadingExcelFile\target\test-classes;D:\Training\EclipseProject\ReadingExcelFile\target\classes;C:\Users\abhay\.m2\repository\org\seleniumhq\selenium\selenium-java\4.7.2\selenium-java-4.7.2.jar;C:\Users\abhay\.m2\repository\org\seleniumhq\selenium\selenium-api\4.7.2\selenium-api-4.7.2.jar;C:\Users\abhay\.m2\repository\org\seleniumhq\selenium\selenium-chrome-driver\4.7.2\selenium-chrome-driver-4.7.2.jar;C:\Users\abhay\.m2\repository\com\google\auto\service\auto-service-annotations\1.0.1\auto-service-annotations-1.0.1.jar;C:\Users\abhay\.m2\repository\com\google\auto\service\auto-service\1.0.1\auto-service-1.0.1.jar;C:\Users\abhay\.m2\repository\com\google\auto\auto-common\1.2\auto-common-1.2.jar;C:\Users\abhay\.m2\repository\com\google\guava\guava\31.1-jre\guava-31.1-jre.jar;C:\Users\abhay\.m2\repository\com\google\guava\failureaccess\1.0.1\failureaccess-1.0.1.jar;C:\Users\abhay\.m2\repository\com\google\guava\listenablefuture\9999.0-empty-to-avoid-conflict-with-guava\listenablefuture-9999.0-empty-to-avoid-conflict-with-guava.jar;C:\Users\abhay\.m2\repository\org\checkerframework\checker-qual\3.12.0\checker-qual-3.12.0.jar;C:\Users\abhay\.m2\repository\com\google\errorprone\error_prone_annotations\2.11.0\error_prone_annotations-2.11.0.jar;C:\Users\abhay\.m2\repository\com\google\j2objc\j2objc-annotations\1.3\j2objc-annotations-1.3.jar;C:\Users\abhay\.m2\repository\org\seleniumhq\selenium\selenium-chromium-driver\4.7.2\selenium-chromium-driver-4.7.2.jar;C:\Users\abhay\.m2\repository\org\seleniumhq\selenium\selenium-json\4.7.2\selenium-json-4.7.2.jar;C:\Users\abhay\.m2\repository\org\seleniumhq\selenium\selenium-devtools-v106\4.7.2\selenium-devtools-v106-4.7.2.jar;C:\Users\abhay\.m2\repository\org\seleniumhq\selenium\selenium-devtools-v107\4.7.2\selenium-devtools-v107-4.7.2.jar;C:\Users\abhay\.m2\repository\org\seleniumhq\selenium\selenium-devtools-v108\4.7.2\selenium-devtools-v108-4.7.2.jar;C:\Users\abhay\.m2\rep
Launcher Type: SUN_STANDARD

[Global flags]
     intx CICompilerCount                          = 4                                         {product} {ergonomic}
     uint ConcGCThreads                            = 2                                         {product} {ergonomic}
     uint G1ConcRefinementThreads                  = 8                                         {product} {ergonomic}
   size_t G1HeapRegionSize                         = 4194304                                   {product} {ergonomic}
    uintx GCDrainStackTargetSize                   = 64                                        {product} {ergonomic}
   size_t InitialHeapSize                          = 402653184                                 {product} {ergonomic}
   size_t MarkStackSize                            = 4194304                                   {product} {ergonomic}
   size_t MaxHeapSize                              = 6383730688                                {product} {ergonomic}
   size_t MaxNewSize                               = 3829399552                                {product} {ergonomic}
   size_t MinHeapDeltaBytes                        = 4194304                                   {product} {ergonomic}
   size_t MinHeapSize                              = 8388608                                   {product} {ergonomic}
    uintx NonNMethodCodeHeapSize                   = 5839372                                {pd product} {ergonomic}
    uintx NonProfiledCodeHeapSize                  = 122909434                              {pd product} {ergonomic}
    uintx ProfiledCodeHeapSize                     = 122909434                              {pd product} {ergonomic}
    uintx ReservedCodeCacheSize                    = 251658240                              {pd product} {ergonomic}
     bool SegmentedCodeCache                       = true                                      {product} {ergonomic}
     bool ShowCodeDetailsInExceptionMessages       = true                                   {manageable} {command line}
   size_t SoftMaxHeapSize                          = 6383730688                             {manageable} {ergonomic}
     bool UseCompressedClassPointers               = true                           {product lp64_product} {ergonomic}
     bool UseCompressedOops                        = true                           {product lp64_product} {ergonomic}
     bool UseG1GC                                  = true                                      {product} {ergonomic}
     bool UseLargePagesIndividualAllocation        = false                                  {pd product} {ergonomic}

Logging:
Log output configuration:
 #0: stdout all=warning uptime,level,tags
 #1: stderr all=off uptime,level,tags

Environment Variables:
JAVA_HOME=C:\Program Files\Java\jdk-17
PATH=C:\Program Files\Common Files\Oracle\Java\javapath;C:\windows\system32;C:\windows;C:\windows\System32\Wbem;C:\windows\System32\WindowsPowerShell\v1.0\;C:\windows\System32\OpenSSH\;"C:\Program Files (x86)\NVIDIA Corporation\PhysX\Common;c:\gs";C:\Program Files\NVIDIA Corporation\NVIDIA NvDLISR;c:\gs;C:\Program Files (x86)\Microsoft Visual Studio\Shared\Python37_64;C:\Program Files\Git\cmd;C:\Android;C:\Windows\System32;D:\Training\Appium\commandlinetools-AndroidSDK\platform-tools\;D:\putty\;C:\Program Files\nodejs\;C:\Program Files (x86)\Common Files\Acronis\SnapAPI\;C:\Program Files (x86)\Common Files\Acronis\VirtualFile\;C:\Program Files (x86)\Common Files\Acronis\VirtualFile64\;C:\Program Files\Kubernetes\Minikube;C:\Program Files\Docker\Docker\resources\bin;C:\Program Files\Java\jdk-17\bin;C:\Program Files\Maven\apache-maven-3.9.1\bin;C:\Users\abhay\AppData\Local\Programs\Python\Python39\Scripts\;C:\Users\abhay\AppData\Local\Programs\Python\Python39\;C:\Users\abhay\scoop\shims;"C:\Users\abhay\AppData\Local\Microsoft\WindowsApps;c:\gs";C:\Program Files\JetBrains\PyCharm Community Edition 2021.1\bin;C:\Program Files\JetBrains\IntelliJ IDEA Community Edition 2022.1\bin;;C:\Users\abhay\AppData\Roaming\npm;C:\Sarita\Kube;C:\Users\abhay\AppData\Roaming\Microsoft\Windows\Start Menu\Programs\Kubernetes;C:\ProgramData\Microsoft\Windows\Start Menu;
USERNAME=abhay
OS=Windows_NT
PROCESSOR_IDENTIFIER=Intel64 Family 6 Model 140 Stepping 1, GenuineIntel



---------------  S Y S T E M  ---------------

OS:
 Windows 10 , 64 bit Build 19041 (10.0.19041.2788)
OS uptime: 8 days 2:28 hours
Hyper-V role detected

CPU: total 8 (initial active 8) (4 cores per cpu, 2 threads per core) family 6 model 140 stepping 1 microcode 0xa4, cx8, cmov, fxsr, ht, mmx, 3dnowpref, sse, sse2, sse3, ssse3, sse4.1, sse4.2, popcnt, lzcnt, tsc, tscinvbit, avx, avx2, aes, erms, clmul, bmi1, bmi2, adx, avx512f, avx512dq, avx512cd, avx512bw, avx512vl, sha, fma, vzeroupper, avx512_vpopcntdq, avx512_vpclmulqdq, avx512_vaes, avx512_vnni, clflush, clflushopt, clwb, avx512_vbmi2, avx512_vbmi, hv

Memory: 4k page, system-wide physical 24341M (12455M free)
TotalPageFile size 26341M (AvailPageFile size 0M)
current process WorkingSet (physical memory assigned to process): 53M, peak: 53M
current process commit charge ("private bytes"): 489M, peak: 489M

vm_info: Java HotSpot(TM) 64-Bit Server VM (17.0.6+9-LTS-190) for windows-amd64 JRE (17.0.6+9-LTS-190), built on Dec  6 2022 15:53:54 by "mach5one" with MS VC++ 17.1 (VS2022)

END.
