#
# There is insufficient memory for the Java Runtime Environment to continue.
# Native memory allocation (mmap) failed to map 402653184 bytes for G1 virtual space
# Possible reasons:
#   The system is out of physical RAM or swap space
#   The process is running with CompressedOops enabled, and the Java Heap may be blocking the growth of the native heap
# Possible solutions:
#   Reduce memory load on the system
#   Increase physical memory or swap space
#   Check if swap backing store is full
#   Decrease Java heap size (-Xmx/-Xms)
#   Decrease number of Java threads
#   Decrease Java thread stack sizes (-Xss)
#   Set larger code cache with -XX:ReservedCodeCacheSize=
#   JVM is running with Zero Based Compressed Oops mode in which the Java heap is
#     placed in the first 32GB address space. The Java Heap base address is the
#     maximum limit for the native heap growth. Please use -XX:HeapBaseMinAddress
#     to set the Java Heap base and to place the Java Heap above 32GB virtual address.
# This output file may be truncated or incomplete.
#
#  Out of Memory Error (os_windows.cpp:3550), pid=3848, tid=2708
#
# JRE version:  (17.0.6+9) (build )
# Java VM: Java HotSpot(TM) 64-Bit Server VM (17.0.6+9-LTS-190, mixed mode, sharing, tiered, compressed oops, compressed class ptrs, g1 gc, windows-amd64)
# No core dump will be written. Minidumps are not enabled by default on client versions of Windows
#

---------------  S U M M A R Y ------------

Command Line: -Dfile.encoding=UTF-8 -XX:+ShowCodeDetailsInExceptionMessages firstmaven.ReadingExcelFile.DataDriven

Host: 11th Gen Intel(R) Core(TM) i7-1165G7 @ 2.80GHz, 8 cores, 23G,  Windows 10 , 64 bit Build 19041 (10.0.19041.2788)
Time: Tue Apr 25 11:36:51 2023 Eastern Daylight Time elapsed time: 0.045839 seconds (0d 0h 0m 0s)

---------------  T H R E A D  ---------------

Current thread (0x00000182e909a840):  JavaThread "Unknown thread" [_thread_in_vm, id=2708, stack(0x0000002072500000,0x0000002072600000)]

Stack: [0x0000002072500000,0x0000002072600000]
Native frames: (J=compiled Java code, j=interpreted, Vv=VM code, C=native code)
V  [jvm.dll+0x6734ea]
V  [jvm.dll+0x7d18f4]
V  [jvm.dll+0x7d309e]
V  [jvm.dll+0x7d3703]
V  [jvm.dll+0x2433c5]
V  [jvm.dll+0x6703f9]
V  [jvm.dll+0x664d32]
V  [jvm.dll+0x300086]
V  [jvm.dll+0x307606]
V  [jvm.dll+0x356c1e]
V  [jvm.dll+0x356e4f]
V  [jvm.dll+0x2d72e8]
V  [jvm.dll+0x2d8254]
V  [jvm.dll+0x7a33b1]
V  [jvm.dll+0x3647f1]
V  [jvm.dll+0x782839]
V  [jvm.dll+0x3e757f]
V  [jvm.dll+0x3e9001]
C  [jli.dll+0x5297]
C  [ucrtbase.dll+0x21bb2]
C  [KERNEL32.DLL+0x17604]
C  [ntdll.dll+0x526a1]


---------------  P R O C E S S  ---------------

Threads class SMR info:
_java_thread_list=0x00007ff955bee958, length=0, elements={
}

Java Threads: ( => current thread )

Other Threads:
  0x00000182e9122610 GCTaskThread "GC Thread#0" [stack: 0x0000002072600000,0x0000002072700000] [id=15728]
  0x00000182e912f390 ConcurrentGCThread "G1 Main Marker" [stack: 0x0000002072700000,0x0000002072800000] [id=22616]
  0x00000182e912fda0 ConcurrentGCThread "G1 Conc#0" [stack: 0x0000002072800000,0x0000002072900000] [id=11532]

[error occurred during error reporting (printing all threads), id 0xc0000005, EXCEPTION_ACCESS_VIOLATION (0xc0000005) at pc=0x00007ff955427f07]

VM state: not at safepoint (not fully initialized)

VM Mutex/Monitor currently owned by a thread:  ([mutex/lock_event])
[0x00000182e9095910] Heap_lock - owner thread: 0x00000182e909a840

Heap address: 0x0000000683800000, size: 6088 MB, Compressed Oops mode: Zero based, Oop shift amount: 3

CDS archive(s) mapped at: [0x0000000000000000-0x0000000000000000-0x0000000000000000), size 0, SharedBaseAddress: 0x0000000800000000, ArchiveRelocationMode: 0.
Narrow klass base: 0x0000000000000000, Narrow klass shift: 0, Narrow klass range: 0x0

GC Precious Log:
<Empty>

Heap:
 garbage-first heap   total 0K, used 0K [0x0000000683800000, 0x0000000800000000)
  region size 4096K, 0 young (0K), 0 survivors (0K)

[error occurred during error reporting (printing heap information), id 0xc0000005, EXCEPTION_ACCESS_VIOLATION (0xc0000005) at pc=0x00007ff95580c759]

GC Heap History (0 events):
No events

Deoptimization events (0 events):
No events

Classes unloaded (0 events):
No events

Classes redefined (0 events):
No events

Internal exceptions (0 events):
No events

VM Operations (0 events):
No events

Events (1 events):
Event: 0.016 Loaded shared library C:\Program Files\Java\jdk-17\bin\java.dll


Dynamic libraries:
0x00007ff6dcc00000 - 0x00007ff6dcc10000 	C:\Program Files\Java\jdk-17\bin\javaw.exe
0x00007ff9cb5d0000 - 0x00007ff9cb7c8000 	C:\windows\SYSTEM32\ntdll.dll
0x00007ff9c9d30000 - 0x00007ff9c9def000 	C:\windows\System32\KERNEL32.DLL
0x00007ff9c8f60000 - 0x00007ff9c923a000 	C:\windows\System32\KERNELBASE.dll
0x0000000077540000 - 0x0000000077871000 	C:\Program Files\Norton Security\NortonData\22.21.1.151\Definitions\IPSDefs\20230424.061\IPSEng64.dll
0x00007ff9ca1e0000 - 0x00007ff9ca28e000 	C:\windows\System32\ADVAPI32.dll
0x00007ff9cab40000 - 0x00007ff9cabde000 	C:\windows\System32\msvcrt.dll
0x00007ff9c9df0000 - 0x00007ff9c9e8c000 	C:\windows\System32\sechost.dll
0x00007ff9ca290000 - 0x00007ff9ca3b6000 	C:\windows\System32\RPCRT4.dll
0x00007ff9caa10000 - 0x00007ff9caa18000 	C:\windows\System32\PSAPI.DLL
0x00007ff9c93a0000 - 0x00007ff9c94a0000 	C:\windows\System32\ucrtbase.dll
0x00007ff9a9cb0000 - 0x00007ff9a9cc8000 	C:\Program Files\Java\jdk-17\bin\jli.dll
0x00007ff9c9740000 - 0x00007ff9c98dd000 	C:\windows\System32\USER32.dll
0x00007ff9c94a0000 - 0x00007ff9c94c2000 	C:\windows\System32\win32u.dll
0x00007ff9c9940000 - 0x00007ff9c996b000 	C:\windows\System32\GDI32.dll
0x00007ff9c8e50000 - 0x00007ff9c8f60000 	C:\windows\System32\gdi32full.dll
0x00007ff9c9300000 - 0x00007ff9c939d000 	C:\windows\System32\msvcp_win.dll
0x00007ff9bf400000 - 0x00007ff9bf41b000 	C:\Program Files\Java\jdk-17\bin\VCRUNTIME140.dll
0x00007ff9aabe0000 - 0x00007ff9aae7a000 	C:\windows\WinSxS\amd64_microsoft.windows.common-controls_6595b64144ccf1df_6.0.19041.1110_none_60b5254171f9507e\COMCTL32.dll
0x00007ff9bc8f0000 - 0x00007ff9bc8fa000 	C:\windows\SYSTEM32\VERSION.dll
0x00007ff9c9cd0000 - 0x00007ff9c9d00000 	C:\windows\System32\IMM32.DLL
0x00007ff9c0750000 - 0x00007ff9c075c000 	C:\Program Files\Java\jdk-17\bin\vcruntime140_1.dll
0x00007ff988870000 - 0x00007ff9888fe000 	C:\Program Files\Java\jdk-17\bin\msvcp140.dll
0x00007ff955140000 - 0x00007ff955d17000 	C:\Program Files\Java\jdk-17\bin\server\jvm.dll
0x00007ff9bf520000 - 0x00007ff9bf529000 	C:\windows\SYSTEM32\WSOCK32.dll
0x00007ff9ca170000 - 0x00007ff9ca1db000 	C:\windows\System32\WS2_32.dll
0x00007ff9a9b60000 - 0x00007ff9a9b87000 	C:\windows\SYSTEM32\WINMM.dll
0x00007ff9c7550000 - 0x00007ff9c7562000 	C:\windows\SYSTEM32\kernel.appcore.dll
0x00007ff9bf3f0000 - 0x00007ff9bf3fa000 	C:\Program Files\Java\jdk-17\bin\jimage.dll
0x00007ff9c7040000 - 0x00007ff9c7224000 	C:\windows\SYSTEM32\DBGHELP.DLL
0x00007ff9b0530000 - 0x00007ff9b0564000 	C:\windows\SYSTEM32\dbgcore.DLL
0x00007ff9c9270000 - 0x00007ff9c92f2000 	C:\windows\System32\bcryptPrimitives.dll
0x00007ff9a9c80000 - 0x00007ff9a9ca5000 	C:\Program Files\Java\jdk-17\bin\java.dll

dbghelp: loaded successfully - version: 4.0.5 - missing functions: none
symbol engine: initialized successfully - sym options: 0x614 - pdb path: .;C:\Program Files\Java\jdk-17\bin;C:\windows\SYSTEM32;C:\Program Files\Norton Security\NortonData\22.21.1.151\Definitions\IPSDefs\20230424.061;C:\windows\WinSxS\amd64_microsoft.windows.common-controls_6595b64144ccf1df_6.0.19041.1110_none_60b5254171f9507e;C:\Program Files\Java\jdk-17\bin\server

VM Arguments:
jvm_args: -Dfile.encoding=UTF-8 -XX:+ShowCodeDetailsInExceptionMessages 
java_command: firstmaven.ReadingExcelFile.DataDriven
java_class_path (initial): D:\Training\EclipseProject\ReadingExcelFile\target\test-classes;D:\Training\EclipseProject\ReadingExcelFile\target\classes;C:\Users\abhay\.m2\repository\org\seleniumhq\selenium\selenium-java\4.7.2\selenium-java-4.7.2.jar;C:\Users\abhay\.m2\repository\org\seleniumhq\selenium\selenium-api\4.7.2\selenium-api-4.7.2.jar;C:\Users\abhay\.m2\repository\org\seleniumhq\selenium\selenium-chrome-driver\4.7.2\selenium-chrome-driver-4.7.2.jar;C:\Users\abhay\.m2\repository\com\google\auto\service\auto-service-annotations\1.0.1\auto-service-annotations-1.0.1.jar;C:\Users\abhay\.m2\repository\com\google\auto\service\auto-service\1.0.1\auto-service-1.0.1.jar;C:\Users\abhay\.m2\repository\com\google\auto\auto-common\1.2\auto-common-1.2.jar;C:\Users\abhay\.m2\repository\com\google\guava\guava\31.1-jre\guava-31.1-jre.jar;C:\Users\abhay\.m2\repository\com\google\guava\failureaccess\1.0.1\failureaccess-1.0.1.jar;C:\Users\abhay\.m2\repository\com\google\guava\listenablefuture\9999.0-empty-to-avoid-conflict-with-guava\listenablefuture-9999.0-empty-to-avoid-conflict-with-guava.jar;C:\Users\abhay\.m2\repository\org\checkerframework\checker-qual\3.12.0\checker-qual-3.12.0.jar;C:\Users\abhay\.m2\repository\com\google\errorprone\error_prone_annotations\2.11.0\error_prone_annotations-2.11.0.jar;C:\Users\abhay\.m2\repository\com\google\j2objc\j2objc-annotations\1.3\j2objc-annotations-1.3.jar;C:\Users\abhay\.m2\repository\org\seleniumhq\selenium\selenium-chromium-driver\4.7.2\selenium-chromium-driver-4.7.2.jar;C:\Users\abhay\.m2\repository\org\seleniumhq\selenium\selenium-json\4.7.2\selenium-json-4.7.2.jar;C:\Users\abhay\.m2\repository\org\seleniumhq\selenium\selenium-devtools-v106\4.7.2\selenium-devtools-v106-4.7.2.jar;C:\Users\abhay\.m2\repository\org\seleniumhq\selenium\selenium-devtools-v107\4.7.2\selenium-devtools-v107-4.7.2.jar;C:\Users\abhay\.m2\repository\org\seleniumhq\selenium\selenium-devtools-v108\4.7.2\selenium-devtools-v108-4.7.2.jar;C:\Users\abhay\.m2\rep
Launcher Type: SUN_STANDARD

[Global flags]
     intx CICompilerCount                          = 4                                         {product} {ergonomic}
     uint ConcGCThreads                            = 2                                         {product} {ergonomic}
     uint G1ConcRefinementThreads                  = 8                                         {product} {ergonomic}
   size_t G1HeapRegionSize                         = 4194304                                   {product} {ergonomic}
    uintx GCDrainStackTargetSize                   = 64                                        {product} {ergonomic}
   size_t InitialHeapSize                          = 402653184                                 {product} {ergonomic}
   size_t MarkStackSize                            = 4194304                                   {product} {ergonomic}
   size_t MaxHeapSize                              = 6383730688                                {product} {ergonomic}
   size_t MinHeapDeltaBytes                        = 4194304                                   {product} {ergonomic}
   size_t MinHeapSize                              = 8388608                                   {product} {ergonomic}
    uintx NonNMethodCodeHeapSize                   = 5839372                                {pd product} {ergonomic}
    uintx NonProfiledCodeHeapSize                  = 122909434                              {pd product} {ergonomic}
    uintx ProfiledCodeHeapSize                     = 122909434                              {pd product} {ergonomic}
    uintx ReservedCodeCacheSize                    = 251658240                              {pd product} {ergonomic}
     bool SegmentedCodeCache                       = true                                      {product} {ergonomic}
     bool ShowCodeDetailsInExceptionMessages       = true                                   {manageable} {command line}
   size_t SoftMaxHeapSize                          = 6383730688                             {manageable} {ergonomic}
     bool UseCompressedClassPointers               = true                           {product lp64_product} {ergonomic}
     bool UseCompressedOops                        = true                           {product lp64_product} {ergonomic}
     bool UseG1GC                                  = true                                      {product} {ergonomic}
     bool UseLargePagesIndividualAllocation        = false                                  {pd product} {ergonomic}

Logging:
Log output configuration:
 #0: stdout all=warning uptime,level,tags
 #1: stderr all=off uptime,level,tags

Environment Variables:
JAVA_HOME=C:\Program Files\Java\jdk-17
PATH=C:\Program Files\Common Files\Oracle\Java\javapath;C:\windows\system32;C:\windows;C:\windows\System32\Wbem;C:\windows\System32\WindowsPowerShell\v1.0\;C:\windows\System32\OpenSSH\;"C:\Program Files (x86)\NVIDIA Corporation\PhysX\Common;c:\gs";C:\Program Files\NVIDIA Corporation\NVIDIA NvDLISR;c:\gs;C:\Program Files (x86)\Microsoft Visual Studio\Shared\Python37_64;C:\Program Files\Git\cmd;C:\Android;C:\Windows\System32;D:\Training\Appium\commandlinetools-AndroidSDK\platform-tools\;D:\putty\;C:\Program Files\nodejs\;C:\Program Files (x86)\Common Files\Acronis\SnapAPI\;C:\Program Files (x86)\Common Files\Acronis\VirtualFile\;C:\Program Files (x86)\Common Files\Acronis\VirtualFile64\;C:\Program Files\Kubernetes\Minikube;C:\Program Files\Docker\Docker\resources\bin;C:\Program Files\Java\jdk-17\bin;C:\Program Files\Maven\apache-maven-3.9.1\bin;C:\Users\abhay\AppData\Local\Programs\Python\Python39\Scripts\;C:\Users\abhay\AppData\Local\Programs\Python\Python39\;C:\Users\abhay\scoop\shims;"C:\Users\abhay\AppData\Local\Microsoft\WindowsApps;c:\gs";C:\Program Files\JetBrains\PyCharm Community Edition 2021.1\bin;C:\Program Files\JetBrains\IntelliJ IDEA Community Edition 2022.1\bin;;C:\Users\abhay\AppData\Roaming\npm;C:\Sarita\Kube;C:\Users\abhay\AppData\Roaming\Microsoft\Windows\Start Menu\Programs\Kubernetes;C:\ProgramData\Microsoft\Windows\Start Menu;
USERNAME=abhay
OS=Windows_NT
PROCESSOR_IDENTIFIER=Intel64 Family 6 Model 140 Stepping 1, GenuineIntel



---------------  S Y S T E M  ---------------

OS:
 Windows 10 , 64 bit Build 19041 (10.0.19041.2788)
OS uptime: 8 days 2:35 hours
Hyper-V role detected

CPU: total 8 (initial active 8) (4 cores per cpu, 2 threads per core) family 6 model 140 stepping 1 microcode 0xa4, cx8, cmov, fxsr, ht, mmx, 3dnowpref, sse, sse2, sse3, ssse3, sse4.1, sse4.2, popcnt, lzcnt, tsc, tscinvbit, avx, avx2, aes, erms, clmul, bmi1, bmi2, adx, avx512f, avx512dq, avx512cd, avx512bw, avx512vl, sha, fma, vzeroupper, avx512_vpopcntdq, avx512_vpclmulqdq, avx512_vaes, avx512_vnni, clflush, clflushopt, clwb, avx512_vbmi2, avx512_vbmi, hv

Memory: 4k page, system-wide physical 24341M (12167M free)
TotalPageFile size 26341M (AvailPageFile size 48M)
current process WorkingSet (physical memory assigned to process): 11M, peak: 11M
current process commit charge ("private bytes"): 60M, peak: 444M

vm_info: Java HotSpot(TM) 64-Bit Server VM (17.0.6+9-LTS-190) for windows-amd64 JRE (17.0.6+9-LTS-190), built on Dec  6 2022 15:53:54 by "mach5one" with MS VC++ 17.1 (VS2022)

END.
